MPASM  5.51                         LAB10.ASM   6-17-2016  14:25:53         PAGE  1


LOC  OBJECT CODE     LINE SOURCE TEXT
  VALUE

                      00001 ; * * * * * * * * * * * * * * * * * * * * * * * * * * * * * * * * * * * * * *
                      00002 ; *                   CÓDIGO FONTE P/ DATAPOLL PIC-2377                     *
                      00003 ; * * * * * * * * * * * * * * * * * * * * * * * * * * * * * * * * * * * * * *
                      00004 ; Projeto: Teclado e Display 7 Segmentos
                      00005 ; Aluno: Matheus Milani de Assunção     
                      00006 ; Data: 07/04/2016
                      00007 
                      00008 ; * * * * * * * * * * * * * * * * * * * * * * * * * * * * * * * * * * * * * *
                      00009 ; *                             DESCRIÇÃO GERAL                             *
                      00010 ; * * * * * * * * * * * * * * * * * * * * * * * * * * * * * * * * * * * * * *
                      00011 ; Utilize a saída PWM1 (RC2), para controlar a intensidade
                      00012 ; luminosa da lâmpada;
                      00013 ; Utilize as teclas 0 a 3 para controlar a intensidade, com:
                      00014 ; 0: 0%;
                      00015 ; 1: 33%
                      00016 ; 2: 66%
                      00017 ; 3: 100%
                      00018 
                      00019 ; * * * * * * * * * * * * * * * * * * * * * * * * * * * * * * * * * * * * * *
                      00020 ; *                      CONFIGURAÇÃO DOS JUMPERS DE PLACA                  *
                      00021 ; * * * * * * * * * * * * * * * * * * * * * * * * * * * * * * * * * * * * * *
                      00022 ; Configurar as chaves e jumpers:
                      00023 ; Habilitar a chave CH2,2 (posição ON para cima)
                      00024 ; Habilitar a chave CH3,1 (posição ON para cima)
                      00025 ; Habilitar as chaves CH5,1 a CH5,4 (posição ON para cima)
                      00026 ; Desabilitar as demais chaves DIP
                      00027 ; Manter o jumper J1 e J2 na posição B
                      00028 ; Manter o jumper J3 e J4 na posição A
                      00029 
                      00030 ; * * * * * * * * * * * * * * * * * * * * * * * * * * * * * * * * * * * * * *
                      00031 ; *                         CONFIGURAÇÕES PARA GRAVAÇÃO                     *
                      00032 ; * * * * * * * * * * * * * * * * * * * * * * * * * * * * * * * * * * * * * *
2007   3739           00033  __CONFIG _WDT_OFF & _XT_OSC & _LVP_OFF & _DEBUG_ON & _BODEN_OFF
                      00034 
                      00035 ;_CP_OFF        ==> MEMÓRIA DE PROGRAMA DESPROTEGIDA CONTRA LEITURA.
                      00036 ;_WRT_OFF       ==> SEM PERMISSÃO PARA ESCREVER NA MEMÓRIA DE PROGRAMA
                      00037 ;                               DURANTE EXECUÇÃO DO PROGRAMA.
                      00038 ;_DEBUG_ON      ==> DEBUG ATIVADO.
                      00039 ;_CPD_OFF       ==> MEMÓRIA EEPROM PROTEGIDA CONTRA LEITURA.
                      00040 ;_LVP_OFF       ==> PROGRAMAÇÃO EM BAIXA TENSÃO DESABILITADA.
                      00041 ;_WDT_OFF       ==> WDT DESATIVADO.
                      00042 ;_BODEN_OFF     ==> BROWN-OUT DESATIVADO. 
                      00043 ;_PWRTE_ON      ==> POWER-ON RESET ATIVADO.
                      00044 ;_XT_OSC        ==> OSCILADOR CRISTAL (4MHz).
                      00045 
                      00046 ; * * * * * * * * * * * * * * * * * * * * * * * * * * * * * * * * * * * * * *
                      00047 ;*                           ARQUIVOS DE DEFINIÇÕES                         *
                      00048 ; * * * * * * * * * * * * * * * * * * * * * * * * * * * * * * * * * * * * * *
                      00049 #INCLUDE <P16F877.INC>          ;ARQUIVO PADRÃO MICROCHIP PARA 16F877
                      00001         LIST
                      00002 
                      00003 ;==========================================================================
                      00004 ;  MPASM PIC16F877 processor include
MPASM  5.51                         LAB10.ASM   6-17-2016  14:25:53         PAGE  2


LOC  OBJECT CODE     LINE SOURCE TEXT
  VALUE

                      00005 ; 
                      00006 ;  (c) Copyright 1999-2013 Microchip Technology, All rights reserved
                      00007 ;==========================================================================
                      00008 
                      00540         LIST
                      00050 
                      00051 ; * * * * * * * * * * * * * * * * * * * * * * * * * * * * * * * * * * * * * *
                      00052 ; *                         DEFINIÇÃO DAS CONSTANTES                        *
                      00053 ; * * * * * * * * * * * * * * * * * * * * * * * * * * * * * * * * * * * * * *
  000000FA            00054 T1      EQU             .250
  0000001E            00055 VEZES   EQU     D'30'
                      00056 ; * * * * * * * * * * * * * * * * * * * * * * * * * * * * * * * * * * * * * *
                      00057 ; *                                     MACROS                              *
                      00058 ; * * * * * * * * * * * * * * * * * * * * * * * * * * * * * * * * * * * * * *
                      00059 
                      00060 ; * * * * * * * * * * * * * * * * * * * * * * * * * * * * * * * * * * * * * *
                      00061 ; *                            DEFINIÇÃO DAS VARIÁVEIS                      *
                      00062 ; * * * * * * * * * * * * * * * * * * * * * * * * * * * * * * * * * * * * * *
                      00063 
                      00064         CBLOCK  0X20                            ; POSIÇÃO INICIAL DA RAM
  00000020            00065                 TECLA                                   ; VARIAVEL PARA VERIFICAR QUAL TECLA FOI 
                      00066                                                                 ; PRESSIONADA
                      00067         ENDC
                      00068 
                      00069 ; * * * * * * * * * * * * * * * * * * * * * * * * * * * * * * * * * * * * * *
                      00070 ; *                      DEFINIÇÃO DOS BANCOS DA RAM                        *
                      00071 ; * * * * * * * * * * * * * * * * * * * * * * * * * * * * * * * * * * * * * *
                      00072 BANK0   MACRO                                   ;SELECIONA BANK0 DE MEMÓRIA.
                      00073                                 bcf STATUS,RP1
                      00074                                 bcf     STATUS,RP0
                      00075                 ENDM                                    ;FIM DA MACRO BANK0.
                      00076 
                      00077 BANK1   MACRO                                   ;SELECIONA BANK1 DE MEMÓRIA.
                      00078                                 bcf STATUS,RP1
                      00079                                 bsf     STATUS,RP0
                      00080                 ENDM                                    ;FIM DA MACRO BANK1.
                      00081 
                      00082 ; * * * * * * * * * * * * * * * * * * * * * * * * * * * * * * * * * * * * * *
                      00083 ; *                                 FLAG                                    *
                      00084 ; * * * * * * * * * * * * * * * * * * * * * * * * * * * * * * * * * * * * * *
                      00085 
                      00086 ; * * * * * * * * * * * * * * * * * * * * * * * * * * * * * * * * * * * * * *
                      00087 ; *                               ENTRADAS                                  *
                      00088 ; * * * * * * * * * * * * * * * * * * * * * * * * * * * * * * * * * * * * * *
                      00089 
                      00090 ; * * * * * * * * * * * * * * * * * * * * * * * * * * * * * * * * * * * * * *
                      00091 ; *                                SAÍDAS                                   *
                      00092 ; * * * * * * * * * * * * * * * * * * * * * * * * * * * * * * * * * * * * * *
                      00093 
                      00094 ; * * * * * * * * * * * * * * * * * * * * * * * * * * * * * * * * * * * * * *
                      00095 ; *                   VETOR DE RESET DO MICROCONTROLADOR                    *
                      00096 ; * * * * * * * * * * * * * * * * * * * * * * * * * * * * * * * * * * * * * *
0000                  00097         ORG     0x00                    ;ENDEREÇO INICIAL DE PROCESSAMENTO.
MPASM  5.51                         LAB10.ASM   6-17-2016  14:25:53         PAGE  3


LOC  OBJECT CODE     LINE SOURCE TEXT
  VALUE

0000   2805           00098         goto    Inicio
                      00099 
                      00100 ; * * * * * * * * * * * * * * * * * * * * * * * * * * * * * * * * * * * * * *
                      00101 ; *               VETOR DE INTERRUPÇÃO DO MICROCONTROLADOR                  *
                      00102 ; * * * * * * * * * * * * * * * * * * * * * * * * * * * * * * * * * * * * * *
                      00103 
0004                  00104         ORG     0x04                    ;ENDEREÇO INICIAL DA INTERRUPÇÃO.
                      00105 
0004                  00106 Interrupcao:                    ;FUNÇÃO PARA TRATAMENTO DA INTERRUPÇÃO
                      00107 
0004   0009           00108         retfie
                      00109         
                      00110         
                      00111 ; * * * * * * * * * * * * * * * * * * * * * * * * * * * * * * * * * * * * * *
                      00112 ; *              CONFIGURAÇÕES INICIAIS DE HARDWARE E SOFTWARE              *
                      00113 ; * * * * * * * * * * * * * * * * * * * * * * * * * * * * * * * * * * * * * *
                      00114 ; Nesta rotina são inicializadas as portas de I/O do microcontrolador, os
                      00115 ; periféricos que serão usados e as configurações dos registradores 
                      00116 ; especiais (SFR). 
                      00117 
0005                  00118 Inicio:
Warning[206]: Found call to macro in column 1. (BANK1)
                      00119 BANK1                                   ; ALTERA PARA O BANCO 1.
0005   1303               M                                 bcf STATUS,RP1
0006   1683               M                                 bsf     STATUS,RP0
0007   30FA           00120         MOVLW   B'11111010'             ; DEFINE AS PORTAS 0 A 7 COMO SAIDA
Message[302]: Register in operand not in bank 0.  Ensure that bank bits are correct.
0008   0087           00121         MOVWF   TRISC
0009   30FF           00122         MOVLW   B'11111111'             ; DEFINE AS PORTAS 0 A 7 COMO ENTRADA
Message[302]: Register in operand not in bank 0.  Ensure that bank bits are correct.
000A   0086           00123         MOVWF   TRISB
000B   3000           00124         MOVLW   B'00000000'
000C   008B           00125         MOVWF   INTCON
000D   3002           00126         MOVLW   B'00000010'
Message[302]: Register in operand not in bank 0.  Ensure that bank bits are correct.
000E   008C           00127         MOVWF   PIE1
000F   3000           00128         MOVLW   B'00000000'
Message[302]: Register in operand not in bank 0.  Ensure that bank bits are correct.
0010   008D           00129         MOVWF   PIE2
0011   3063           00130         MOVLW   B'01100011'
Message[302]: Register in operand not in bank 0.  Ensure that bank bits are correct.
0012   0092           00131         MOVWF   PR2
0013   3000           00132         MOVLW   B'00000000'
Message[302]: Register in operand not in bank 0.  Ensure that bank bits are correct.
0014   0081           00133         MOVWF   OPTION_REG
Warning[206]: Found call to macro in column 1. (BANK0)
                      00134 BANK0                                   ; RETORNA PARA O BANCO 0.
0015   1303               M                                 bcf STATUS,RP1
0016   1283               M                                 bcf     STATUS,RP0
0017   3002           00135         MOVLW   B'00000010'
0018   008C           00136         MOVWF   PIR1
0019   3001           00137         MOVLW   B'00000001'
001A   008D           00138         MOVWF   PIR2
MPASM  5.51                         LAB10.ASM   6-17-2016  14:25:53         PAGE  4


LOC  OBJECT CODE     LINE SOURCE TEXT
  VALUE

001B   3004           00139         MOVLW   B'00000100'
001C   0092           00140         MOVWF   T2CON
001D   30FE           00141         MOVLW   B'11111110'             
001E   0087           00142         MOVWF   PORTC                   ; ALTERNADA NAS SAIDAS DE C
001F   300C           00143         MOVLW   B'00001100'
0020   0097           00144         MOVWF   CCP1CON
                      00145 
                      00146 ;* * * * * * * * * * * * * * * * * * * * * * * * * * * * * * * * * *
                      00147 ;*                      INICIALIZAÇÃO DA RAM                       *
                      00148 ;* * * * * * * * * * * * * * * * * * * * * * * * * * * * * * * * * *
                      00149 ;  LIMPA DE TODA A RAM DO BANC0 0, INDO DE 0X20 A 0X7F.
0021   3020           00150         movlw   0x20
0022   0084           00151         movwf   FSR                             ; APONTA O ENDEREÇAMENTO INDIRETO PARA
                      00152                                                         ; A PRIMEIRA POSIÇÃO DA RAM.
0023                  00153 LIMPA_RAM
0023   0180           00154         clrf    INDF                    ; LIMPA A POSIÇÃO ATUAL.
0024   0A84           00155         incf    FSR,F                   ; INCREMENTA PONTEIRO P/ A PRÓX. POS.
0025   0804           00156         movf    FSR,W
0026   3A80           00157         xorlw   0x80                    ; COMPARA PONTEIRO COM A ÚLT. POS. +1.
0027   1D03           00158         btfss   STATUS,Z                ; JÁ LIMPOU TODAS AS POSIÇÕES?
0028   2823           00159         goto    LIMPA_RAM               ; NÃO, LIMPA A PRÓXIMA POSIÇÃO.
                      00160                                         ; SIM, CONTINUA O PROGRAMA.
                      00161 
                      00162 ; * * * * * * * * * * * * * * * * * * * * * * * * * * * * * * * * * * * * * *
                      00163 ; *                             ROTINA PRINCIPAL                                *
                      00164 ; * * * * * * * * * * * * * * * * * * * * * * * * * * * * * * * * * * * * * *
Warning[203]: Found opcode in column 1. (MOVLW)
0029   3000           00165 MOVLW   B'00000000'
002A   0095           00166         MOVWF   CCPR1L
002B   1217           00167         BCF             CCP1CON, 4
002C   1297           00168         BCF             CCP1CON, 5
                      00169 
                      00170 
                      00171 
002D                  00172 MAIN
                      00173 
002D   1806           00174         BTFSC   PORTB, 0
002E   2833           00175                 GOTO    $ + 5
002F   3000           00176         MOVLW   B'00000000'
0030   0095           00177         MOVWF   CCPR1L
0031   1217           00178         BCF             CCP1CON, 4
0032   1297           00179         BCF             CCP1CON, 5
                      00180         
0033   1886           00181         BTFSC   PORTB, 1
0034   2839           00182                 GOTO    $ + 5
0035   3015           00183         MOVLW   B'00010101'
0036   0095           00184         MOVWF   CCPR1L
0037   1617           00185         BSF             CCP1CON, 4
0038   1297           00186         BCF             CCP1CON, 5
                      00187                 
0039   1906           00188         BTFSC   PORTB, 2
003A   283F           00189                 GOTO    $ + 5
003B   302A           00190         MOVLW   B'00101010'
MPASM  5.51                         LAB10.ASM   6-17-2016  14:25:53         PAGE  5


LOC  OBJECT CODE     LINE SOURCE TEXT
  VALUE

003C   0095           00191         MOVWF   CCPR1L
003D   1217           00192         BCF             CCP1CON, 4
003E   1697           00193         BSF             CCP1CON, 5
                      00194         
003F   1986           00195         BTFSC   PORTB, 3
0040   2845           00196                 GOTO    $ + 5
0041   303F           00197         MOVLW   B'00111111'
0042   0095           00198         MOVWF   CCPR1L
0043   1617           00199         BSF             CCP1CON, 4
0044   1697           00200         BSF             CCP1CON, 5
                      00201                 
Warning[203]: Found opcode in column 1. (GOTO)
0045   282D           00202 GOTO    MAIN
                      00203 ; * * * * * * * * * * * * * * * * * * * * * * * * * * * * * * * * * * * * * *
                      00204 ; *                    VALOR INICIAL DA LINHA                                               *
                      00205 ; * * * * * * * * * * * * * * * * * * * * * * * * * * * * * * * * * * * * * *
                      00206 
                      00207 ; * * * * * * * * * * * * * * * * * * * * * * * * * * * * * * * * * * * * * *
                      00208 ; *                             FIM DO PROGRAMA                             *
                      00209 ; *                                                                         *
                      00210 ; * * * * * * * * * * * * * * * * * * * * * * * * * * * * * * * * * * * * * *
                      00211         END                             ; FIM DO PROGRAMA
MPASM  5.51                         LAB10.ASM   6-17-2016  14:25:53         PAGE  6


SYMBOL TABLE
  LABEL                             VALUE 

ACKDT                             00000005
ACKEN                             00000004
ACKSTAT                           00000006
ADCON0                            0000001F
ADCON1                            0000009F
ADCS0                             00000006
ADCS1                             00000007
ADDEN                             00000003
ADFM                              00000007
ADIE                              00000006
ADIF                              00000006
ADON                              00000000
ADRESH                            0000001E
ADRESL                            0000009E
BANK0                             
BANK1                             
BCLIE                             00000003
BCLIF                             00000003
BF                                00000000
BRGH                              00000002
C                                 00000000
CCP1CON                           00000017
CCP1IE                            00000002
CCP1IF                            00000002
CCP1M0                            00000000
CCP1M1                            00000001
CCP1M2                            00000002
CCP1M3                            00000003
CCP1X                             00000005
CCP1Y                             00000004
CCP2CON                           0000001D
CCP2IE                            00000000
CCP2IF                            00000000
CCP2M0                            00000000
CCP2M1                            00000001
CCP2M2                            00000002
CCP2M3                            00000003
CCP2X                             00000005
CCP2Y                             00000004
CCPR1                             00000015
CCPR1H                            00000016
CCPR1L                            00000015
CCPR2                             0000001B
CCPR2H                            0000001C
CCPR2L                            0000001B
CHS0                              00000003
CHS1                              00000004
CHS2                              00000005
CKE                               00000006
CKP                               00000004
CREN                              00000004
CSRC                              00000007
D                                 00000005
MPASM  5.51                         LAB10.ASM   6-17-2016  14:25:53         PAGE  7


SYMBOL TABLE
  LABEL                             VALUE 

DATA_ADDRESS                      00000005
DC                                00000001
D_A                               00000005
D_NOT_A                           00000005
EEADR                             0000010D
EEADRH                            0000010F
EECON1                            0000018C
EECON2                            0000018D
EEDATA                            0000010C
EEDATH                            0000010E
EEIE                              00000004
EEIF                              00000004
EEPGD                             00000007
F                                 00000001
FERR                              00000002
FSR                               00000004
GCEN                              00000007
GIE                               00000007
GO                                00000002
GO_DONE                           00000002
GO_NOT_DONE                       00000002
I2C_DATA                          00000005
I2C_READ                          00000002
I2C_START                         00000003
I2C_STOP                          00000004
IBF                               00000007
IBOV                              00000005
INDF                              00000000
INTCON                            0000000B
INTE                              00000004
INTEDG                            00000006
INTF                              00000001
IRP                               00000007
Inicio                            00000005
Interrupcao                       00000004
LIMPA_RAM                         00000023
MAIN                              0000002D
NOT_A                             00000005
NOT_ADDRESS                       00000005
NOT_BO                            00000000
NOT_BOR                           00000000
NOT_DONE                          00000002
NOT_PD                            00000003
NOT_POR                           00000001
NOT_RBPU                          00000007
NOT_RC8                           00000006
NOT_T1SYNC                        00000002
NOT_TO                            00000004
NOT_TX8                           00000006
NOT_W                             00000002
NOT_WRITE                         00000002
OBF                               00000006
OERR                              00000001
MPASM  5.51                         LAB10.ASM   6-17-2016  14:25:53         PAGE  8


SYMBOL TABLE
  LABEL                             VALUE 

OPTION_REG                        00000081
P                                 00000004
PCFG0                             00000000
PCFG1                             00000001
PCFG2                             00000002
PCFG3                             00000003
PCL                               00000002
PCLATH                            0000000A
PCON                              0000008E
PEIE                              00000006
PEN                               00000002
PIE1                              0000008C
PIE2                              0000008D
PIR1                              0000000C
PIR2                              0000000D
PORTA                             00000005
PORTB                             00000006
PORTC                             00000007
PORTD                             00000008
PORTE                             00000009
PR2                               00000092
PS0                               00000000
PS1                               00000001
PS2                               00000002
PSA                               00000003
PSPIE                             00000007
PSPIF                             00000007
PSPMODE                           00000004
R                                 00000002
RA0                               00000000
RA1                               00000001
RA2                               00000002
RA3                               00000003
RA4                               00000004
RA5                               00000005
RB0                               00000000
RB1                               00000001
RB2                               00000002
RB3                               00000003
RB4                               00000004
RB5                               00000005
RB6                               00000006
RB7                               00000007
RBIE                              00000003
RBIF                              00000000
RC0                               00000000
RC1                               00000001
RC2                               00000002
RC3                               00000003
RC4                               00000004
RC5                               00000005
RC6                               00000006
RC7                               00000007
MPASM  5.51                         LAB10.ASM   6-17-2016  14:25:53         PAGE  9


SYMBOL TABLE
  LABEL                             VALUE 

RC8_9                             00000006
RC9                               00000006
RCD8                              00000000
RCEN                              00000003
RCIE                              00000005
RCIF                              00000005
RCREG                             0000001A
RCSTA                             00000018
RD                                00000000
RD0                               00000000
RD1                               00000001
RD2                               00000002
RD3                               00000003
RD4                               00000004
RD5                               00000005
RD6                               00000006
RD7                               00000007
RE0                               00000000
RE1                               00000001
RE2                               00000002
READ_WRITE                        00000002
RP0                               00000005
RP1                               00000006
RSEN                              00000001
RX9                               00000006
RX9D                              00000000
R_NOT_W                           00000002
R_W                               00000002
S                                 00000003
SEN                               00000000
SMP                               00000007
SPBRG                             00000099
SPEN                              00000007
SREN                              00000005
SSPADD                            00000093
SSPBUF                            00000013
SSPCON                            00000014
SSPCON2                           00000091
SSPEN                             00000005
SSPIE                             00000003
SSPIF                             00000003
SSPM0                             00000000
SSPM1                             00000001
SSPM2                             00000002
SSPM3                             00000003
SSPOV                             00000006
SSPSTAT                           00000094
STATUS                            00000003
SYNC                              00000004
T0CS                              00000005
T0IE                              00000005
T0IF                              00000002
T0SE                              00000004
MPASM  5.51                         LAB10.ASM   6-17-2016  14:25:53         PAGE 10


SYMBOL TABLE
  LABEL                             VALUE 

T1                                000000FA
T1CKPS0                           00000004
T1CKPS1                           00000005
T1CON                             00000010
T1INSYNC                          00000002
T1OSCEN                           00000003
T1SYNC                            00000002
T2CKPS0                           00000000
T2CKPS1                           00000001
T2CON                             00000012
TECLA                             00000020
TMR0                              00000001
TMR0IE                            00000005
TMR0IF                            00000002
TMR1                              0000000E
TMR1CS                            00000001
TMR1H                             0000000F
TMR1IE                            00000000
TMR1IF                            00000000
TMR1L                             0000000E
TMR1ON                            00000000
TMR2                              00000011
TMR2IE                            00000001
TMR2IF                            00000001
TMR2ON                            00000002
TOUTPS0                           00000003
TOUTPS1                           00000004
TOUTPS2                           00000005
TOUTPS3                           00000006
TRISA                             00000085
TRISA0                            00000000
TRISA1                            00000001
TRISA2                            00000002
TRISA3                            00000003
TRISA4                            00000004
TRISA5                            00000005
TRISB                             00000086
TRISB0                            00000000
TRISB1                            00000001
TRISB2                            00000002
TRISB3                            00000003
TRISB4                            00000004
TRISB5                            00000005
TRISB6                            00000006
TRISB7                            00000007
TRISC                             00000087
TRISC0                            00000000
TRISC1                            00000001
TRISC2                            00000002
TRISC3                            00000003
TRISC4                            00000004
TRISC5                            00000005
TRISC6                            00000006
MPASM  5.51                         LAB10.ASM   6-17-2016  14:25:53         PAGE 11


SYMBOL TABLE
  LABEL                             VALUE 

TRISC7                            00000007
TRISD                             00000088
TRISD0                            00000000
TRISD1                            00000001
TRISD2                            00000002
TRISD3                            00000003
TRISD4                            00000004
TRISD5                            00000005
TRISD6                            00000006
TRISD7                            00000007
TRISE                             00000089
TRISE0                            00000000
TRISE1                            00000001
TRISE2                            00000002
TRMT                              00000001
TX8_9                             00000006
TX9                               00000006
TX9D                              00000000
TXD8                              00000000
TXEN                              00000005
TXIE                              00000004
TXIF                              00000004
TXREG                             00000019
TXSTA                             00000098
UA                                00000001
VEZES                             0000001E
W                                 00000000
WCOL                              00000007
WR                                00000001
WREN                              00000002
WRERR                             00000003
Z                                 00000002
_BODEN_OFF                        00003FBF
_BODEN_ON                         00003FFF
_BOREN_OFF                        00003FBF
_BOREN_ON                         00003FFF
_CONFIG                           00002007
_CPD_OFF                          00003FFF
_CPD_ON                           00003EFF
_CP_ALL                           00000FCF
_CP_HALF                          00001FDF
_CP_OFF                           00003FFF
_CP_UPPER_256                     00002FEF
_DEBUG_OFF                        00003FFF
_DEBUG_ON                         000037FF
_DEVID1                           00002006
_FOSC_EXTRC                       00003FFF
_FOSC_HS                          00003FFE
_FOSC_LP                          00003FFC
_FOSC_XT                          00003FFD
_HS_OSC                           00003FFE
_IDLOC0                           00002000
_IDLOC1                           00002001
MPASM  5.51                         LAB10.ASM   6-17-2016  14:25:53         PAGE 12


SYMBOL TABLE
  LABEL                             VALUE 

_IDLOC2                           00002002
_IDLOC3                           00002003
_LP_OSC                           00003FFC
_LVP_OFF                          00003F7F
_LVP_ON                           00003FFF
_PWRTE_OFF                        00003FFF
_PWRTE_ON                         00003FF7
_RC_OSC                           00003FFF
_WDTE_OFF                         00003FFB
_WDTE_ON                          00003FFF
_WDT_OFF                          00003FFB
_WDT_ON                           00003FFF
_WRT_ENABLE_OFF                   00003DFF
_WRT_ENABLE_ON                    00003FFF
_WRT_OFF                          00003DFF
_WRT_ON                           00003FFF
_XT_OSC                           00003FFD
__16F877                          00000001
__DEBUG                           1
__MPLAB_DEBUGGER_ICD2             1


MEMORY USAGE MAP ('X' = Used,  '-' = Unused)

0000 : X---XXXXXXXXXXXX XXXXXXXXXXXXXXXX XXXXXXXXXXXXXXXX XXXXXXXXXXXXXXXX
0040 : XXXXXX---------- ---------------- ---------------- ----------------
2000 : -------X-------- ---------------- ---------------- ----------------

All other memory blocks unused.

Program Memory Words Used:    67
Program Memory Words Free:  8125


Errors   :     0
Warnings :     4 reported,     0 suppressed
Messages :     6 reported,     0 suppressed

