MPASM  5.51                           LED.ASM   3-31-2016  14:58:20         PAGE  1


LOC  OBJECT CODE     LINE SOURCE TEXT
  VALUE

                      00001 ; * * * * * * * * * * * * * * * * * * * * * * * * * * * * * * * * * * * * * *
                      00002 ; *                   CÓDIGO FONTE P/ DATAPOLL PIC-2377                     *
                      00003 ; * * * * * * * * * * * * * * * * * * * * * * * * * * * * * * * * * * * * * *
                      00004 ; Projeto: Lab01 - Chaves e LED's
                      00005 ; Aluno: Matheus Milani de Assunção
                      00006 ; Data: 31/03/2016
                      00007 ; * * * * * * * * * * * * * * * * * * * * * * * * * * * * * * * * * * * * * *
                      00008 ; *                             DESCRIÇÃO GERAL                             *
                      00009 ; * * * * * * * * * * * * * * * * * * * * * * * * * * * * * * * * * * * * * *
                      00010 ; Chave A liga LEDs 0 e 4, B liga LEDs 1 e 5, C liga LEDs 2 e 6, D liga 
                      00011 ; LEDs 3 e 7.
                      00012 ;
                      00013 ; * * * * * * * * * * * * * * * * * * * * * * * * * * * * * * * * * * * * * *
                      00014 ; *                      CONFIGURAÇÃO DOS JUMPERS DE PLACA                  *
                      00015 ; * * * * * * * * * * * * * * * * * * * * * * * * * * * * * * * * * * * * * *
                      00016 ;Habilitar o dip switch CH3 posição 6 (posição ON para cima);
                      00017 ;Habilitar o dip CH5,1-4 (posição ON para cima);
                      00018 ;Habilitar todos os dips de CH4 (posição ON para cima);
                      00019 ;Desabilitar as demais chaves DIP;
                      00020 ;Manter o jumper J3 e J4 na posição A (1 e 2);
                      00021 ; * * * * * * * * * * * * * * * * * * * * * * * * * * * * * * * * * * * * * *
                      00022 ; *                         CONFIGURAÇÕES PARA GRAVAÇÃO                     *
                      00023 ; * * * * * * * * * * * * * * * * * * * * * * * * * * * * * * * * * * * * * *
2007   3739           00024  __CONFIG _WDT_OFF & _XT_OSC & _LVP_OFF & _DEBUG_ON & _BODEN_OFF
                      00025 
                      00026 ;_CP_OFF        ==> MEMÓRIA DE PROGRAMA DESPROTEGIDA CONTRA LEITURA.
                      00027 ;_WRT_OFF       ==> SEM PERMISSÃO PARA ESCREVER NA MEMÓRIA DE PROGRAMA
                      00028 ;                               DURANTE EXECUÇÃO DO PROGRAMA.
                      00029 ;_DEBUG_ON      ==> DEBUG ATIVADO.
                      00030 ;_CPD_OFF       ==> MEMÓRIA EEPROM PROTEGIDA CONTRA LEITURA.
                      00031 ;_LVP_OFF       ==> PROGRAMAÇÃO EM BAIXA TENSÃO DESABILITADA.
                      00032 ;_WDT_OFF       ==> WDT DESATIVADO.
                      00033 ;_BODEN_OFF     ==> BROWN-OUT DESATIVADO. 
                      00034 ;_PWRTE_ON      ==> POWER-ON RESET ATIVADO.
                      00035 ;_XT_OSC        ==> OSCILADOR CRISTAL (4MHz).
                      00036 
                      00037 ; * * * * * * * * * * * * * * * * * * * * * * * * * * * * * * * * * * * * * *
                      00038 ;*                           ARQUIVOS DE DEFINIÇÕES                         *
                      00039 ; * * * * * * * * * * * * * * * * * * * * * * * * * * * * * * * * * * * * * *
                      00040 #INCLUDE <P16F877.INC>          ;ARQUIVO PADRÃO MICROCHIP PARA 16F877
                      00001         LIST
                      00002 
                      00003 ;==========================================================================
                      00004 ;  MPASM PIC16F877 processor include
                      00005 ; 
                      00006 ;  (c) Copyright 1999-2013 Microchip Technology, All rights reserved
                      00007 ;==========================================================================
                      00008 
                      00540         LIST
                      00041 
                      00042 ; * * * * * * * * * * * * * * * * * * * * * * * * * * * * * * * * * * * * * *
                      00043 ; *                         DEFINIÇÃO DAS CONSTANTES                        *
                      00044 ; * * * * * * * * * * * * * * * * * * * * * * * * * * * * * * * * * * * * * *
MPASM  5.51                           LED.ASM   3-31-2016  14:58:20         PAGE  2


LOC  OBJECT CODE     LINE SOURCE TEXT
  VALUE

                      00045 
                      00046 
                      00047 ; * * * * * * * * * * * * * * * * * * * * * * * * * * * * * * * * * * * * * *
                      00048 ; *                                     MACROS                              *
                      00049 ; * * * * * * * * * * * * * * * * * * * * * * * * * * * * * * * * * * * * * *
                      00050 
                      00051 ; * * * * * * * * * * * * * * * * * * * * * * * * * * * * * * * * * * * * * *
                      00052 ; *                            DEFINIÇÃO DAS VARIÁVEIS                      *
                      00053 ; * * * * * * * * * * * * * * * * * * * * * * * * * * * * * * * * * * * * * *
                      00054 
                      00055 ; * * * * * * * * * * * * * * * * * * * * * * * * * * * * * * * * * * * * * *
                      00056 ; *                      DEFINIÇÃO DOS BANCOS DA RAM                        *
                      00057 ; * * * * * * * * * * * * * * * * * * * * * * * * * * * * * * * * * * * * * *
                      00058 BANK0   MACRO                                   ;SELECIONA BANK0 DE MEMÓRIA.
                      00059                                 bcf STATUS,RP1
                      00060                                 bcf     STATUS,RP0
                      00061                 ENDM                                    ;FIM DA MACRO BANK0.
                      00062 
                      00063 BANK1   MACRO                                   ;SELECIONA BANK1 DE MEMÓRIA.
                      00064                                 bcf STATUS,RP1
                      00065                                 bsf     STATUS,RP0
                      00066                 ENDM                                    ;FIM DA MACRO BANK1.
                      00067 
                      00068 ; * * * * * * * * * * * * * * * * * * * * * * * * * * * * * * * * * * * * * *
                      00069 ; *                               ENTRADAS                                  *
                      00070 ; * * * * * * * * * * * * * * * * * * * * * * * * * * * * * * * * * * * * * *
                      00071 #DEFINE CHAVEA          PORTB, 0         ; ENTRADA PARA A CHAVE A
                      00072 #DEFINE CHAVEB          PORTB, 1         ; ENTRADA PARA A CHAVE B
                      00073 #DEFINE CHAVEC          PORTB, 2         ; ENTRADA PARA A CHAVE C
                      00074 #DEFINE CHAVED          PORTB, 3         ; ENTRADA PARA A CHAVE D
                      00075  
                      00076 
                      00077 ; * * * * * * * * * * * * * * * * * * * * * * * * * * * * * * * * * * * * * *
                      00078 ; *                                SAÍDAS                                   *
                      00079 ; * * * * * * * * * * * * * * * * * * * * * * * * * * * * * * * * * * * * * *
                      00080 #DEFINE LED0                    PORTD, 0             ; SAÍDA PARA LED 0
                      00081 #DEFINE LED1            PORTD, 1         ; SAÍDA PARA LED 1
                      00082 #DEFINE LED2            PORTD, 2         ; SAÍDA PARA LED 2
                      00083 #DEFINE LED3            PORTD, 3         ; SAÍDA PARA LED 3 
                      00084 #DEFINE LED4            PORTD, 4         ; SAÍDA PARA LED 4
                      00085 #DEFINE LED5            PORTD, 5         ; SAÍDA PARA LED 5
                      00086 #DEFINE LED6            PORTD, 6         ; SAÍDA PARA LED 6
                      00087 #DEFINE LED7            PORTD, 7         ; SAÍDA PARA LED 7
                      00088 #DEFINE SAI4            PORTC, 4         ; SAÍDA DA PORTC4; 
                      00089 
                      00090 ; * * * * * * * * * * * * * * * * * * * * * * * * * * * * * * * * * * * * * *
                      00091 ; *                   VETOR DE RESET DO MICROCONTROLADOR                    *
                      00092 ; * * * * * * * * * * * * * * * * * * * * * * * * * * * * * * * * * * * * * *
0000                  00093         ORG     H'0000'                 ;ENDEREÇO DE INICIO DO PROGRAMA
0000   2805           00094         goto    inicio
                      00095 
                      00096 ; * * * * * * * * * * * * * * * * * * * * * * * * * * * * * * * * * * * * * *
                      00097 ; *               VETOR DE INTERRUPÇÃO DO MICROCONTROLADOR                  *
MPASM  5.51                           LED.ASM   3-31-2016  14:58:20         PAGE  3


LOC  OBJECT CODE     LINE SOURCE TEXT
  VALUE

                      00098 ; * * * * * * * * * * * * * * * * * * * * * * * * * * * * * * * * * * * * * *
                      00099 
0004                  00100         ORG     H'0004'                 ;ENDEREÇO INICIAL DA INTERRUPÇÃO.
                      00101 
0004                  00102 Interrupcao:                            ;FUNÇÃO PARA TRATAMENTO DA INTERRUPÇÃO
                      00103 
0004   0009           00104         retfie
                      00105         
                      00106         
                      00107 ; * * * * * * * * * * * * * * * * * * * * * * * * * * * * * * * * * * * * * *
                      00108 ; *              CONFIGURAÇÕES INICIAIS DE HARDWARE E SOFTWARE              *
                      00109 ; * * * * * * * * * * * * * * * * * * * * * * * * * * * * * * * * * * * * * *
                      00110 ; Nesta rotina são inicializadas as portas de I/O do microcontrolador, os
                      00111 ; periféricos que serão usados e as configurações dos registradores 
                      00112 ; especiais (SFR). 
                      00113 
0005                  00114 inicio:
                      00115         BANK1                                   ;ALTERA PARA O BANCO 1.
0005   1303               M                                 bcf STATUS,RP1
0006   1683               M                                 bsf     STATUS,RP0
0007   3000           00116         movlw   B'00000000'
Message[302]: Register in operand not in bank 0.  Ensure that bank bits are correct.
0008   0088           00117         movwf   TRISD                           ;TODAS AS PORTAS DE D SÃO SAIDAS
0009   30FF           00118         movlw   B'11111111'
Message[302]: Register in operand not in bank 0.  Ensure that bank bits are correct.
000A   0086           00119         movwf   TRISB                           ; RB0 ATE RB3 É ENTRADA, AS DEMAIS SÃO SAIDA POR RECOMEN
                            DACAO
000B   30EF           00120         movlw   B'11101111'
Message[302]: Register in operand not in bank 0.  Ensure that bank bits are correct.
000C   0087           00121         movwf   TRISC;                          ; RC4 DEFINIDO COMO SAIDA, OS DEMAIS SÃO SAIDA POR RECOM
                            ENDACAO
                      00122         BANK0                                   ;RETORNA PARA O BANCO 0.
000D   1303               M                                 bcf STATUS,RP1
000E   1283               M                                 bcf     STATUS,RP0
000F   3000           00123         movlw   B'00000000'
0010   0088           00124         movwf   PORTD                           ; UNICA PORTA UTILIZADA É A 4 E COLOCADA EM NIVEL ALTO
0011   1207           00125         bcf             PORTC, RC4
                      00126 ;* * * * * * * * * * * * * * * * * * * * * * * * * * * * * * * * * *
                      00127 ;*                      INICIALIZAÇÃO DA RAM                       *
                      00128 ;* * * * * * * * * * * * * * * * * * * * * * * * * * * * * * * * * *
                      00129 ;  LIMPA DE TODA A RAM DO BANC0 0, INDO DE 0X20 A 0X7F.
0012   3020           00130         movlw   0x20
0013   0084           00131         movwf   FSR                             ;APONTA O ENDEREÇAMENTO INDIRETO PARA
                      00132                                                         ;A PRIMEIRA POSIÇÃO DA RAM.
0014                  00133 LIMPA_RAM
0014   0180           00134         clrf    INDF                    ;LIMPA A POSIÇÃO ATUAL.
0015   0A84           00135         incf    FSR,F                   ;INCREMENTA PONTEIRO P/ A PRÓX. POS.
0016   0804           00136         movf    FSR,W
0017   3A80           00137         xorlw   0x80                    ;COMPARA PONTEIRO COM A ÚLT. POS. +1.
0018   1D03           00138         btfss   STATUS,Z                ;JÁ LIMPOU TODAS AS POSIÇÕES?
0019   2814           00139         goto    LIMPA_RAM               ;NÃO, LIMPA A PRÓXIMA POSIÇÃO.
                      00140                                         ;SIM, CONTINUA O PROGRAMA.
                      00141 
MPASM  5.51                           LED.ASM   3-31-2016  14:58:20         PAGE  4


LOC  OBJECT CODE     LINE SOURCE TEXT
  VALUE

                      00142 ; * * * * * * * * * * * * * * * * * * * * * * * * * * * * * * * * * * * * * *
                      00143 ; *                             ROTINA PRINCIPAL                            *
                      00144 ; *                                                                         *
                      00145 ; * * * * * * * * * * * * * * * * * * * * * * * * * * * * * * * * * * * * * *
001A                  00146 MAIN:
                      00147 
001A   1C06           00148         BTFSS   CHAVEA          ; VERIFICA A CHAVE A, SE TA EM 0 PULA A PROX. LINHA
001B   282B           00149       GOTO      DESLIGA1                ; VAI PARA A LIGA1, SE A CHAVE ESTIVER FECHADA 
001C   1408           00150         BSF     LED0            ; DEFINE 0 PARA LED0
001D   1608           00151         BSF     LED4            ; DEFINE 0 PARA LED4
                      00152 
001E                  00153 MAIN2:
001E   1C86           00154         BTFSS   CHAVEB          ; VERIFICA A CHAVE B, SE TA EM 0 PULA A PROX. LINHA
001F   282E           00155           GOTO  DESLIGA2                ; VAI PARA A LIGA2, SE A CHAVE ESTIVER FECHADA
0020   1488           00156         BSF     LED1            ; DEFINE 0 PARA LED1
0021   1688           00157         BSF     LED5            ; DEFINE 0 PARA LED5
                      00158 
0022                  00159 MAIN3:
0022   1D06           00160         BTFSS   CHAVEC
0023   2831           00161           GOTO  DESLIGA3
0024   1508           00162         BSF     LED2
0025   1708           00163         BSF     LED6
                      00164 
0026                  00165 MAIN4:
0026   1D86           00166         BTFSS   CHAVED
0027   2834           00167           GOTO  DESLIGA4
0028   1588           00168         BSF     LED3    
0029   1788           00169         BSF     LED7
                      00170 
002A   281A           00171         GOTO MAIN
                      00172 ;*******************************************************************************
002B                  00173 DESLIGA1:
002B   1008           00174         BCF     LED0
002C   1208           00175         BCF     LED4
002D   281E           00176         GOTO MAIN2
                      00177 ;*******************************************************************************
                      00178 ;*******************************************************************************
002E                  00179 DESLIGA2
002E   1088           00180         BCF     LED1
002F   1288           00181         BCF     LED5
0030   2822           00182         GOTO MAIN3
                      00183 ;*******************************************************************************
                      00184 ;*******************************************************************************
0031                  00185 DESLIGA3
0031   1108           00186         BCF     LED2
0032   1308           00187         BCF     LED6
0033   2826           00188         GOTO MAIN4
                      00189 ;*******************************************************************************
                      00190 ;*******************************************************************************
0034                  00191 DESLIGA4
0034   1188           00192         BCF     LED3
0035   1388           00193         BCF     LED7
0036   281A           00194         GOTO MAIN
MPASM  5.51                           LED.ASM   3-31-2016  14:58:20         PAGE  5


LOC  OBJECT CODE     LINE SOURCE TEXT
  VALUE

                      00195 ;*******************************************************************************
                      00196 
                      00197 
                      00198 ; * * * * * * * * * * * * * * * * * * * * * * * * * * * * * * * * * * * * * *
                      00199 ; *                             FIM DO PROGRAMA                             *
                      00200 ; *                                                                         *
                      00201 ; * * * * * * * * * * * * * * * * * * * * * * * * * * * * * * * * * * * * * *
                      00202         END                             ; FIM DO PROGRAMA
MPASM  5.51                           LED.ASM   3-31-2016  14:58:20         PAGE  6


SYMBOL TABLE
  LABEL                             VALUE 

ACKDT                             00000005
ACKEN                             00000004
ACKSTAT                           00000006
ADCON0                            0000001F
ADCON1                            0000009F
ADCS0                             00000006
ADCS1                             00000007
ADDEN                             00000003
ADFM                              00000007
ADIE                              00000006
ADIF                              00000006
ADON                              00000000
ADRESH                            0000001E
ADRESL                            0000009E
BANK0                             
BANK1                             
BCLIE                             00000003
BCLIF                             00000003
BF                                00000000
BRGH                              00000002
C                                 00000000
CCP1CON                           00000017
CCP1IE                            00000002
CCP1IF                            00000002
CCP1M0                            00000000
CCP1M1                            00000001
CCP1M2                            00000002
CCP1M3                            00000003
CCP1X                             00000005
CCP1Y                             00000004
CCP2CON                           0000001D
CCP2IE                            00000000
CCP2IF                            00000000
CCP2M0                            00000000
CCP2M1                            00000001
CCP2M2                            00000002
CCP2M3                            00000003
CCP2X                             00000005
CCP2Y                             00000004
CCPR1                             00000015
CCPR1H                            00000016
CCPR1L                            00000015
CCPR2                             0000001B
CCPR2H                            0000001C
CCPR2L                            0000001B
CHAVEA                            PORTB, 0
CHAVEB                            PORTB, 1
CHAVEC                            PORTB, 2
CHAVED                            PORTB, 3
CHS0                              00000003
CHS1                              00000004
CHS2                              00000005
CKE                               00000006
MPASM  5.51                           LED.ASM   3-31-2016  14:58:20         PAGE  7


SYMBOL TABLE
  LABEL                             VALUE 

CKP                               00000004
CREN                              00000004
CSRC                              00000007
D                                 00000005
DATA_ADDRESS                      00000005
DC                                00000001
DESLIGA1                          0000002B
DESLIGA2                          0000002E
DESLIGA3                          00000031
DESLIGA4                          00000034
D_A                               00000005
D_NOT_A                           00000005
EEADR                             0000010D
EEADRH                            0000010F
EECON1                            0000018C
EECON2                            0000018D
EEDATA                            0000010C
EEDATH                            0000010E
EEIE                              00000004
EEIF                              00000004
EEPGD                             00000007
F                                 00000001
FERR                              00000002
FSR                               00000004
GCEN                              00000007
GIE                               00000007
GO                                00000002
GO_DONE                           00000002
GO_NOT_DONE                       00000002
I2C_DATA                          00000005
I2C_READ                          00000002
I2C_START                         00000003
I2C_STOP                          00000004
IBF                               00000007
IBOV                              00000005
INDF                              00000000
INTCON                            0000000B
INTE                              00000004
INTEDG                            00000006
INTF                              00000001
IRP                               00000007
Interrupcao                       00000004
LED0                              PORTD, 0
LED1                              PORTD, 1
LED2                              PORTD, 2
LED3                              PORTD, 3
LED4                              PORTD, 4
LED5                              PORTD, 5
LED6                              PORTD, 6
LED7                              PORTD, 7
LIMPA_RAM                         00000014
MAIN                              0000001A
MAIN2                             0000001E
MPASM  5.51                           LED.ASM   3-31-2016  14:58:20         PAGE  8


SYMBOL TABLE
  LABEL                             VALUE 

MAIN3                             00000022
MAIN4                             00000026
NOT_A                             00000005
NOT_ADDRESS                       00000005
NOT_BO                            00000000
NOT_BOR                           00000000
NOT_DONE                          00000002
NOT_PD                            00000003
NOT_POR                           00000001
NOT_RBPU                          00000007
NOT_RC8                           00000006
NOT_T1SYNC                        00000002
NOT_TO                            00000004
NOT_TX8                           00000006
NOT_W                             00000002
NOT_WRITE                         00000002
OBF                               00000006
OERR                              00000001
OPTION_REG                        00000081
P                                 00000004
PCFG0                             00000000
PCFG1                             00000001
PCFG2                             00000002
PCFG3                             00000003
PCL                               00000002
PCLATH                            0000000A
PCON                              0000008E
PEIE                              00000006
PEN                               00000002
PIE1                              0000008C
PIE2                              0000008D
PIR1                              0000000C
PIR2                              0000000D
PORTA                             00000005
PORTB                             00000006
PORTC                             00000007
PORTD                             00000008
PORTE                             00000009
PR2                               00000092
PS0                               00000000
PS1                               00000001
PS2                               00000002
PSA                               00000003
PSPIE                             00000007
PSPIF                             00000007
PSPMODE                           00000004
R                                 00000002
RA0                               00000000
RA1                               00000001
RA2                               00000002
RA3                               00000003
RA4                               00000004
RA5                               00000005
MPASM  5.51                           LED.ASM   3-31-2016  14:58:20         PAGE  9


SYMBOL TABLE
  LABEL                             VALUE 

RB0                               00000000
RB1                               00000001
RB2                               00000002
RB3                               00000003
RB4                               00000004
RB5                               00000005
RB6                               00000006
RB7                               00000007
RBIE                              00000003
RBIF                              00000000
RC0                               00000000
RC1                               00000001
RC2                               00000002
RC3                               00000003
RC4                               00000004
RC5                               00000005
RC6                               00000006
RC7                               00000007
RC8_9                             00000006
RC9                               00000006
RCD8                              00000000
RCEN                              00000003
RCIE                              00000005
RCIF                              00000005
RCREG                             0000001A
RCSTA                             00000018
RD                                00000000
RD0                               00000000
RD1                               00000001
RD2                               00000002
RD3                               00000003
RD4                               00000004
RD5                               00000005
RD6                               00000006
RD7                               00000007
RE0                               00000000
RE1                               00000001
RE2                               00000002
READ_WRITE                        00000002
RP0                               00000005
RP1                               00000006
RSEN                              00000001
RX9                               00000006
RX9D                              00000000
R_NOT_W                           00000002
R_W                               00000002
S                                 00000003
SAI4                              PORTC, 4
SEN                               00000000
SMP                               00000007
SPBRG                             00000099
SPEN                              00000007
SREN                              00000005
MPASM  5.51                           LED.ASM   3-31-2016  14:58:20         PAGE 10


SYMBOL TABLE
  LABEL                             VALUE 

SSPADD                            00000093
SSPBUF                            00000013
SSPCON                            00000014
SSPCON2                           00000091
SSPEN                             00000005
SSPIE                             00000003
SSPIF                             00000003
SSPM0                             00000000
SSPM1                             00000001
SSPM2                             00000002
SSPM3                             00000003
SSPOV                             00000006
SSPSTAT                           00000094
STATUS                            00000003
SYNC                              00000004
T0CS                              00000005
T0IE                              00000005
T0IF                              00000002
T0SE                              00000004
T1CKPS0                           00000004
T1CKPS1                           00000005
T1CON                             00000010
T1INSYNC                          00000002
T1OSCEN                           00000003
T1SYNC                            00000002
T2CKPS0                           00000000
T2CKPS1                           00000001
T2CON                             00000012
TMR0                              00000001
TMR0IE                            00000005
TMR0IF                            00000002
TMR1                              0000000E
TMR1CS                            00000001
TMR1H                             0000000F
TMR1IE                            00000000
TMR1IF                            00000000
TMR1L                             0000000E
TMR1ON                            00000000
TMR2                              00000011
TMR2IE                            00000001
TMR2IF                            00000001
TMR2ON                            00000002
TOUTPS0                           00000003
TOUTPS1                           00000004
TOUTPS2                           00000005
TOUTPS3                           00000006
TRISA                             00000085
TRISA0                            00000000
TRISA1                            00000001
TRISA2                            00000002
TRISA3                            00000003
TRISA4                            00000004
TRISA5                            00000005
MPASM  5.51                           LED.ASM   3-31-2016  14:58:20         PAGE 11


SYMBOL TABLE
  LABEL                             VALUE 

TRISB                             00000086
TRISB0                            00000000
TRISB1                            00000001
TRISB2                            00000002
TRISB3                            00000003
TRISB4                            00000004
TRISB5                            00000005
TRISB6                            00000006
TRISB7                            00000007
TRISC                             00000087
TRISC0                            00000000
TRISC1                            00000001
TRISC2                            00000002
TRISC3                            00000003
TRISC4                            00000004
TRISC5                            00000005
TRISC6                            00000006
TRISC7                            00000007
TRISD                             00000088
TRISD0                            00000000
TRISD1                            00000001
TRISD2                            00000002
TRISD3                            00000003
TRISD4                            00000004
TRISD5                            00000005
TRISD6                            00000006
TRISD7                            00000007
TRISE                             00000089
TRISE0                            00000000
TRISE1                            00000001
TRISE2                            00000002
TRMT                              00000001
TX8_9                             00000006
TX9                               00000006
TX9D                              00000000
TXD8                              00000000
TXEN                              00000005
TXIE                              00000004
TXIF                              00000004
TXREG                             00000019
TXSTA                             00000098
UA                                00000001
W                                 00000000
WCOL                              00000007
WR                                00000001
WREN                              00000002
WRERR                             00000003
Z                                 00000002
_BODEN_OFF                        00003FBF
_BODEN_ON                         00003FFF
_BOREN_OFF                        00003FBF
_BOREN_ON                         00003FFF
_CONFIG                           00002007
MPASM  5.51                           LED.ASM   3-31-2016  14:58:20         PAGE 12


SYMBOL TABLE
  LABEL                             VALUE 

_CPD_OFF                          00003FFF
_CPD_ON                           00003EFF
_CP_ALL                           00000FCF
_CP_HALF                          00001FDF
_CP_OFF                           00003FFF
_CP_UPPER_256                     00002FEF
_DEBUG_OFF                        00003FFF
_DEBUG_ON                         000037FF
_DEVID1                           00002006
_FOSC_EXTRC                       00003FFF
_FOSC_HS                          00003FFE
_FOSC_LP                          00003FFC
_FOSC_XT                          00003FFD
_HS_OSC                           00003FFE
_IDLOC0                           00002000
_IDLOC1                           00002001
_IDLOC2                           00002002
_IDLOC3                           00002003
_LP_OSC                           00003FFC
_LVP_OFF                          00003F7F
_LVP_ON                           00003FFF
_PWRTE_OFF                        00003FFF
_PWRTE_ON                         00003FF7
_RC_OSC                           00003FFF
_WDTE_OFF                         00003FFB
_WDTE_ON                          00003FFF
_WDT_OFF                          00003FFB
_WDT_ON                           00003FFF
_WRT_ENABLE_OFF                   00003DFF
_WRT_ENABLE_ON                    00003FFF
_WRT_OFF                          00003DFF
_WRT_ON                           00003FFF
_XT_OSC                           00003FFD
__16F877                          00000001
__DEBUG                           1
__MPLAB_DEBUGGER_ICD2             1
inicio                            00000005


MEMORY USAGE MAP ('X' = Used,  '-' = Unused)

0000 : X---XXXXXXXXXXXX XXXXXXXXXXXXXXXX XXXXXXXXXXXXXXXX XXXXXXX---------
2000 : -------X-------- ---------------- ---------------- ----------------

All other memory blocks unused.

Program Memory Words Used:    52
Program Memory Words Free:  8140


MPASM  5.51                           LED.ASM   3-31-2016  14:58:20         PAGE 13





Errors   :     0
Warnings :     0 reported,     0 suppressed
Messages :     3 reported,     0 suppressed

