MPASM  5.51                           LED.ASM   4-15-2016  14:42:56         PAGE  1


LOC  OBJECT CODE     LINE SOURCE TEXT
  VALUE

                      00001 ; * * * * * * * * * * * * * * * * * * * * * * * * * * * * * * * * * * * * * *
                      00002 ; *                   CÓDIGO FONTE P/ DATAPOLL PIC-2377                     *
                      00003 ; * * * * * * * * * * * * * * * * * * * * * * * * * * * * * * * * * * * * * *
                      00004 ; Projeto: Teclado e Display 7 Segmentos
                      00005 ; Aluno: Matheus Milani de Assunção     
                      00006 ; Data: 14/04/2016
                      00007 
                      00008 ; * * * * * * * * * * * * * * * * * * * * * * * * * * * * * * * * * * * * * *
                      00009 ; *                             DESCRIÇÃO GERAL                             *
                      00010 ; * * * * * * * * * * * * * * * * * * * * * * * * * * * * * * * * * * * * * *
                      00011 ; A cada segundo é comandado o LED 1, ligando-o e desligando-o, alternadamente.
                      00012 ; A temporização deve ser realizada pelo Timer 0, sem o uso de interrupção.
                      00013 
                      00014 ; * * * * * * * * * * * * * * * * * * * * * * * * * * * * * * * * * * * * * *
                      00015 ; *                      CONFIGURAÇÃO DOS JUMPERS DE PLACA                  *
                      00016 ; * * * * * * * * * * * * * * * * * * * * * * * * * * * * * * * * * * * * * *
                      00017 ; Habilitar CH4,1 (posição ON para cima);
                      00018 ; Desabilitar as demais chaves DIP;
                      00019 ; Manter o jumper J3 e J4 na posição A (1 e 2).
                      00020 
                      00021 ; * * * * * * * * * * * * * * * * * * * * * * * * * * * * * * * * * * * * * *
                      00022 ; *                         CONFIGURAÇÕES PARA GRAVAÇÃO                     *
                      00023 ; * * * * * * * * * * * * * * * * * * * * * * * * * * * * * * * * * * * * * *
2007   3739           00024  __CONFIG _WDT_OFF & _XT_OSC & _LVP_OFF & _DEBUG_ON & _BODEN_OFF
                      00025 
                      00026 ;_CP_OFF        ==> MEMÓRIA DE PROGRAMA DESPROTEGIDA CONTRA LEITURA.
                      00027 ;_WRT_OFF       ==> SEM PERMISSÃO PARA ESCREVER NA MEMÓRIA DE PROGRAMA
                      00028 ;                               DURANTE EXECUÇÃO DO PROGRAMA.
                      00029 ;_DEBUG_ON      ==> DEBUG ATIVADO.
                      00030 ;_CPD_OFF       ==> MEMÓRIA EEPROM PROTEGIDA CONTRA LEITURA.
                      00031 ;_LVP_OFF       ==> PROGRAMAÇÃO EM BAIXA TENSÃO DESABILITADA.
                      00032 ;_WDT_OFF       ==> WDT DESATIVADO.
                      00033 ;_BODEN_OFF     ==> BROWN-OUT DESATIVADO. 
                      00034 ;_PWRTE_ON      ==> POWER-ON RESET ATIVADO.
                      00035 ;_XT_OSC        ==> OSCILADOR CRISTAL (4MHz).
                      00036 
                      00037 ; * * * * * * * * * * * * * * * * * * * * * * * * * * * * * * * * * * * * * *
                      00038 ;*                           ARQUIVOS DE DEFINIÇÕES                         *
                      00039 ; * * * * * * * * * * * * * * * * * * * * * * * * * * * * * * * * * * * * * *
                      00040 #INCLUDE <P16F877.INC>          ;ARQUIVO PADRÃO MICROCHIP PARA 16F877
                      00001         LIST
                      00002 
                      00003 ;==========================================================================
                      00004 ;  MPASM PIC16F877 processor include
                      00005 ; 
                      00006 ;  (c) Copyright 1999-2013 Microchip Technology, All rights reserved
                      00007 ;==========================================================================
                      00008 
                      00540         LIST
                      00041 
                      00042 ; * * * * * * * * * * * * * * * * * * * * * * * * * * * * * * * * * * * * * *
                      00043 ; *                         DEFINIÇÃO DAS CONSTANTES                        *
                      00044 ; * * * * * * * * * * * * * * * * * * * * * * * * * * * * * * * * * * * * * *
MPASM  5.51                           LED.ASM   4-15-2016  14:42:56         PAGE  2


LOC  OBJECT CODE     LINE SOURCE TEXT
  VALUE

  00000080            00045 T1      EQU             .128
                      00046 ; * * * * * * * * * * * * * * * * * * * * * * * * * * * * * * * * * * * * * *
                      00047 ; *                                     MACROS                              *
                      00048 ; * * * * * * * * * * * * * * * * * * * * * * * * * * * * * * * * * * * * * *
                      00049 
                      00050 ; * * * * * * * * * * * * * * * * * * * * * * * * * * * * * * * * * * * * * *
                      00051 ; *                            DEFINIÇÃO DAS VARIÁVEIS                      *
                      00052 ; * * * * * * * * * * * * * * * * * * * * * * * * * * * * * * * * * * * * * *
                      00053 
                      00054         CBLOCK  0X20                    ; POSIÇÃO INICIAL DA RAM
  00000020            00055                 VAR1                            ; PERÍODO PARA UM LOOP
  00000021            00056                 VAR2 
                      00057         ENDC
                      00058 
                      00059 ; * * * * * * * * * * * * * * * * * * * * * * * * * * * * * * * * * * * * * *
                      00060 ; *                      DEFINIÇÃO DOS BANCOS DA RAM                        *
                      00061 ; * * * * * * * * * * * * * * * * * * * * * * * * * * * * * * * * * * * * * *
                      00062 BANK0   MACRO                                   ;SELECIONA BANK0 DE MEMÓRIA.
                      00063                                 bcf STATUS,RP1
                      00064                                 bcf     STATUS,RP0
                      00065                 ENDM                                    ;FIM DA MACRO BANK0.
                      00066 
                      00067 BANK1   MACRO                                   ;SELECIONA BANK1 DE MEMÓRIA.
                      00068                                 bcf STATUS,RP1
                      00069                                 bsf     STATUS,RP0
                      00070                 ENDM                                    ;FIM DA MACRO BANK1.
                      00071 
                      00072 ; * * * * * * * * * * * * * * * * * * * * * * * * * * * * * * * * * * * * * *
                      00073 ; *                                 FLAG                                    *
                      00074 ; * * * * * * * * * * * * * * * * * * * * * * * * * * * * * * * * * * * * * *
                      00075 
                      00076 ; * * * * * * * * * * * * * * * * * * * * * * * * * * * * * * * * * * * * * *
                      00077 ; *                               ENTRADAS                                  *
                      00078 ; * * * * * * * * * * * * * * * * * * * * * * * * * * * * * * * * * * * * * *
                      00079 
                      00080 
                      00081 ; * * * * * * * * * * * * * * * * * * * * * * * * * * * * * * * * * * * * * *
                      00082 ; *                                SAÍDAS                                   *
                      00083 ; * * * * * * * * * * * * * * * * * * * * * * * * * * * * * * * * * * * * * *
                      00084 #DEFINE LED0    PORTD, 0
                      00085 
                      00086 ; * * * * * * * * * * * * * * * * * * * * * * * * * * * * * * * * * * * * * *
                      00087 ; *                   VETOR DE RESET DO MICROCONTROLADOR                    *
                      00088 ; * * * * * * * * * * * * * * * * * * * * * * * * * * * * * * * * * * * * * *
0000                  00089         ORG     0x00                    ;ENDEREÇO INICIAL DE PROCESSAMENTO.
0000   2805           00090         goto    Inicio
                      00091 
                      00092 ; * * * * * * * * * * * * * * * * * * * * * * * * * * * * * * * * * * * * * *
                      00093 ; *               VETOR DE INTERRUPÇÃO DO MICROCONTROLADOR                  *
                      00094 ; * * * * * * * * * * * * * * * * * * * * * * * * * * * * * * * * * * * * * *
                      00095 
0004                  00096         ORG     0x04                    ;ENDEREÇO INICIAL DA INTERRUPÇÃO.
                      00097 
MPASM  5.51                           LED.ASM   4-15-2016  14:42:56         PAGE  3


LOC  OBJECT CODE     LINE SOURCE TEXT
  VALUE

0004                  00098 Interrupcao:                    ;FUNÇÃO PARA TRATAMENTO DA INTERRUPÇÃO
                      00099 
0004   0009           00100         retfie
                      00101         
                      00102         
                      00103 ; * * * * * * * * * * * * * * * * * * * * * * * * * * * * * * * * * * * * * *
                      00104 ; *              CONFIGURAÇÕES INICIAIS DE HARDWARE E SOFTWARE              *
                      00105 ; * * * * * * * * * * * * * * * * * * * * * * * * * * * * * * * * * * * * * *
                      00106 ; Nesta rotina são inicializadas as portas de I/O do microcontrolador, os
                      00107 ; periféricos que serão usados e as configurações dos registradores 
                      00108 ; especiais (SFR). 
                      00109 
0005                  00110 Inicio:
                      00111         BANK1                                   ; ALTERA PARA O BANCO 1.
0005   1303               M                                 bcf STATUS,RP1
0006   1683               M                                 bsf     STATUS,RP0
0007   30C5           00112         MOVLW   B'11000101'
Message[302]: Register in operand not in bank 0.  Ensure that bank bits are correct.
0008   0081           00113         MOVWF   OPTION_REG
0009   30FE           00114         MOVLW   B'11111110'             ; DEFINE A PORTA 0 COMO SAÍDA E AS DEMAIS COMO ENTRADA
Message[302]: Register in operand not in bank 0.  Ensure that bank bits are correct.
000A   0088           00115         MOVWF   TRISD
                      00116         BANK0                                   ; RETORNA PARA O BANCO 0.
000B   1303               M                                 bcf STATUS,RP1
000C   1283               M                                 bcf     STATUS,RP0
000D   3001           00117         MOVLW   B'00000001'
000E   0088           00118         MOVWF   PORTD                   ; ALTA PARA A SAÍDA
                      00119 
                      00120 ;* * * * * * * * * * * * * * * * * * * * * * * * * * * * * * * * * *
                      00121 ;*                      INICIALIZAÇÃO DA RAM                       *
                      00122 ;* * * * * * * * * * * * * * * * * * * * * * * * * * * * * * * * * *
                      00123 ;  LIMPA DE TODA A RAM DO BANC0 0, INDO DE 0X20 A 0X7F.
000F   3020           00124         movlw   0x20
0010   0084           00125         movwf   FSR                             ; APONTA O ENDEREÇAMENTO INDIRETO PARA
                      00126                                                         ; A PRIMEIRA POSIÇÃO DA RAM.
0011                  00127 LIMPA_RAM
0011   0180           00128         clrf    INDF                    ; LIMPA A POSIÇÃO ATUAL.
0012   0A84           00129         incf    FSR,F                   ; INCREMENTA PONTEIRO P/ A PRÓX. POS.
0013   0804           00130         movf    FSR,W
0014   3A80           00131         xorlw   0x80                    ; COMPARA PONTEIRO COM A ÚLT. POS. +1.
0015   1D03           00132         btfss   STATUS,Z                ; JÁ LIMPOU TODAS AS POSIÇÕES?
0016   2811           00133         goto    LIMPA_RAM               ; NÃO, LIMPA A PRÓXIMA POSIÇÃO.
                      00134                                                         ; SIM, CONTINUA O PROGRAMA.
                      00135 
                      00136 ; * * * * * * * * * * * * * * * * * * * * * * * * * * * * * * * * * * * * * *
                      00137 ; *                             ROTINA PRINCIPAL                                *
                      00138 ; * * * * * * * * * * * * * * * * * * * * * * * * * * * * * * * * * * * * * *
0017                  00139 MAIN
                      00140 
0017   30FA           00141         MOVLW   D'250'          ; ATRIBUINDO 250 PARA VAR2
0018   00A1           00142         MOVWF   VAR2            
0019   110B           00143         BCF             INTCON, 2       ; ZERANDO A FLAG DO CONTADOR
Warning[207]: Found label after column 1. (LOOP3)
MPASM  5.51                           LED.ASM   4-15-2016  14:42:56         PAGE  4


LOC  OBJECT CODE     LINE SOURCE TEXT
  VALUE

001A                  00144         LOOP3:                                                                  ;-----------------------
                            --
001A   3000           00145                 MOVLW   D'0'                                        
001B   0081           00146                 MOVWF   TMR0                            ; ATRIBUI VALOR 6 PARA O TIMER QUE VAI DE 6 A 25
                            6
Warning[207]: Found label after column 1. (LOOP2)
001C                  00147                 LOOP2:                                          ;----------------
001C   3080           00148                         MOVLW   T1                              ; DEFINE 128 PARA VAR1
001D   00A0           00149                         MOVWF   VAR1
Warning[207]: Found label after column 1. (LOOP1)
001E                  00150                         LOOP1:                          ;----------  
001E   0BA0           00151                         DECFSZ  VAR1, 1         ; 2 CICLOS DE MAQUINA E REPETE-SE 128 = 256
001F   281E           00152                                 GOTO LOOP1              ;----------
0020   1D0B           00153                 BTFSS   INTCON, 2                       
0021   281C           00154                         GOTO LOOP2                              ;-----------------
0022   110B           00155                 BCF     INTCON, 2
0023   0BA1           00156         DECFSZ  VAR2, 1
0024   281A           00157                 GOTO    LOOP3                                           ;--------------------------
0025   1C08           00158         BTFSS   LED0
0026   2829           00159                 GOTO    $ + 3   
0027   1008           00160         BCF     LED0
0028   282A           00161         GOTO    $ + 2
0029   1408           00162         BSF     LED0
002A   2817           00163         GOTO MAIN
                      00164 ; * * * * * * * * * * * * * * * * * * * * * * * * * * * * * * * * * * * * * *
                      00165 ; *                             FIM DO PROGRAMA                             *
                      00166 ; * * * * * * * * * * * * * * * * * * * * * * * * * * * * * * * * * * * * * *
                      00167         END                             ; FIM DO PROGRAMA
MPASM  5.51                           LED.ASM   4-15-2016  14:42:56         PAGE  5


SYMBOL TABLE
  LABEL                             VALUE 

ACKDT                             00000005
ACKEN                             00000004
ACKSTAT                           00000006
ADCON0                            0000001F
ADCON1                            0000009F
ADCS0                             00000006
ADCS1                             00000007
ADDEN                             00000003
ADFM                              00000007
ADIE                              00000006
ADIF                              00000006
ADON                              00000000
ADRESH                            0000001E
ADRESL                            0000009E
BANK0                             
BANK1                             
BCLIE                             00000003
BCLIF                             00000003
BF                                00000000
BRGH                              00000002
C                                 00000000
CCP1CON                           00000017
CCP1IE                            00000002
CCP1IF                            00000002
CCP1M0                            00000000
CCP1M1                            00000001
CCP1M2                            00000002
CCP1M3                            00000003
CCP1X                             00000005
CCP1Y                             00000004
CCP2CON                           0000001D
CCP2IE                            00000000
CCP2IF                            00000000
CCP2M0                            00000000
CCP2M1                            00000001
CCP2M2                            00000002
CCP2M3                            00000003
CCP2X                             00000005
CCP2Y                             00000004
CCPR1                             00000015
CCPR1H                            00000016
CCPR1L                            00000015
CCPR2                             0000001B
CCPR2H                            0000001C
CCPR2L                            0000001B
CHS0                              00000003
CHS1                              00000004
CHS2                              00000005
CKE                               00000006
CKP                               00000004
CREN                              00000004
CSRC                              00000007
D                                 00000005
MPASM  5.51                           LED.ASM   4-15-2016  14:42:56         PAGE  6


SYMBOL TABLE
  LABEL                             VALUE 

DATA_ADDRESS                      00000005
DC                                00000001
D_A                               00000005
D_NOT_A                           00000005
EEADR                             0000010D
EEADRH                            0000010F
EECON1                            0000018C
EECON2                            0000018D
EEDATA                            0000010C
EEDATH                            0000010E
EEIE                              00000004
EEIF                              00000004
EEPGD                             00000007
F                                 00000001
FERR                              00000002
FSR                               00000004
GCEN                              00000007
GIE                               00000007
GO                                00000002
GO_DONE                           00000002
GO_NOT_DONE                       00000002
I2C_DATA                          00000005
I2C_READ                          00000002
I2C_START                         00000003
I2C_STOP                          00000004
IBF                               00000007
IBOV                              00000005
INDF                              00000000
INTCON                            0000000B
INTE                              00000004
INTEDG                            00000006
INTF                              00000001
IRP                               00000007
Inicio                            00000005
Interrupcao                       00000004
LED0                              PORTD, 0
LIMPA_RAM                         00000011
LOOP1                             0000001E
LOOP2                             0000001C
LOOP3                             0000001A
MAIN                              00000017
NOT_A                             00000005
NOT_ADDRESS                       00000005
NOT_BO                            00000000
NOT_BOR                           00000000
NOT_DONE                          00000002
NOT_PD                            00000003
NOT_POR                           00000001
NOT_RBPU                          00000007
NOT_RC8                           00000006
NOT_T1SYNC                        00000002
NOT_TO                            00000004
NOT_TX8                           00000006
MPASM  5.51                           LED.ASM   4-15-2016  14:42:56         PAGE  7


SYMBOL TABLE
  LABEL                             VALUE 

NOT_W                             00000002
NOT_WRITE                         00000002
OBF                               00000006
OERR                              00000001
OPTION_REG                        00000081
P                                 00000004
PCFG0                             00000000
PCFG1                             00000001
PCFG2                             00000002
PCFG3                             00000003
PCL                               00000002
PCLATH                            0000000A
PCON                              0000008E
PEIE                              00000006
PEN                               00000002
PIE1                              0000008C
PIE2                              0000008D
PIR1                              0000000C
PIR2                              0000000D
PORTA                             00000005
PORTB                             00000006
PORTC                             00000007
PORTD                             00000008
PORTE                             00000009
PR2                               00000092
PS0                               00000000
PS1                               00000001
PS2                               00000002
PSA                               00000003
PSPIE                             00000007
PSPIF                             00000007
PSPMODE                           00000004
R                                 00000002
RA0                               00000000
RA1                               00000001
RA2                               00000002
RA3                               00000003
RA4                               00000004
RA5                               00000005
RB0                               00000000
RB1                               00000001
RB2                               00000002
RB3                               00000003
RB4                               00000004
RB5                               00000005
RB6                               00000006
RB7                               00000007
RBIE                              00000003
RBIF                              00000000
RC0                               00000000
RC1                               00000001
RC2                               00000002
RC3                               00000003
MPASM  5.51                           LED.ASM   4-15-2016  14:42:56         PAGE  8


SYMBOL TABLE
  LABEL                             VALUE 

RC4                               00000004
RC5                               00000005
RC6                               00000006
RC7                               00000007
RC8_9                             00000006
RC9                               00000006
RCD8                              00000000
RCEN                              00000003
RCIE                              00000005
RCIF                              00000005
RCREG                             0000001A
RCSTA                             00000018
RD                                00000000
RD0                               00000000
RD1                               00000001
RD2                               00000002
RD3                               00000003
RD4                               00000004
RD5                               00000005
RD6                               00000006
RD7                               00000007
RE0                               00000000
RE1                               00000001
RE2                               00000002
READ_WRITE                        00000002
RP0                               00000005
RP1                               00000006
RSEN                              00000001
RX9                               00000006
RX9D                              00000000
R_NOT_W                           00000002
R_W                               00000002
S                                 00000003
SEN                               00000000
SMP                               00000007
SPBRG                             00000099
SPEN                              00000007
SREN                              00000005
SSPADD                            00000093
SSPBUF                            00000013
SSPCON                            00000014
SSPCON2                           00000091
SSPEN                             00000005
SSPIE                             00000003
SSPIF                             00000003
SSPM0                             00000000
SSPM1                             00000001
SSPM2                             00000002
SSPM3                             00000003
SSPOV                             00000006
SSPSTAT                           00000094
STATUS                            00000003
SYNC                              00000004
MPASM  5.51                           LED.ASM   4-15-2016  14:42:56         PAGE  9


SYMBOL TABLE
  LABEL                             VALUE 

T0CS                              00000005
T0IE                              00000005
T0IF                              00000002
T0SE                              00000004
T1                                00000080
T1CKPS0                           00000004
T1CKPS1                           00000005
T1CON                             00000010
T1INSYNC                          00000002
T1OSCEN                           00000003
T1SYNC                            00000002
T2CKPS0                           00000000
T2CKPS1                           00000001
T2CON                             00000012
TMR0                              00000001
TMR0IE                            00000005
TMR0IF                            00000002
TMR1                              0000000E
TMR1CS                            00000001
TMR1H                             0000000F
TMR1IE                            00000000
TMR1IF                            00000000
TMR1L                             0000000E
TMR1ON                            00000000
TMR2                              00000011
TMR2IE                            00000001
TMR2IF                            00000001
TMR2ON                            00000002
TOUTPS0                           00000003
TOUTPS1                           00000004
TOUTPS2                           00000005
TOUTPS3                           00000006
TRISA                             00000085
TRISA0                            00000000
TRISA1                            00000001
TRISA2                            00000002
TRISA3                            00000003
TRISA4                            00000004
TRISA5                            00000005
TRISB                             00000086
TRISB0                            00000000
TRISB1                            00000001
TRISB2                            00000002
TRISB3                            00000003
TRISB4                            00000004
TRISB5                            00000005
TRISB6                            00000006
TRISB7                            00000007
TRISC                             00000087
TRISC0                            00000000
TRISC1                            00000001
TRISC2                            00000002
TRISC3                            00000003
MPASM  5.51                           LED.ASM   4-15-2016  14:42:56         PAGE 10


SYMBOL TABLE
  LABEL                             VALUE 

TRISC4                            00000004
TRISC5                            00000005
TRISC6                            00000006
TRISC7                            00000007
TRISD                             00000088
TRISD0                            00000000
TRISD1                            00000001
TRISD2                            00000002
TRISD3                            00000003
TRISD4                            00000004
TRISD5                            00000005
TRISD6                            00000006
TRISD7                            00000007
TRISE                             00000089
TRISE0                            00000000
TRISE1                            00000001
TRISE2                            00000002
TRMT                              00000001
TX8_9                             00000006
TX9                               00000006
TX9D                              00000000
TXD8                              00000000
TXEN                              00000005
TXIE                              00000004
TXIF                              00000004
TXREG                             00000019
TXSTA                             00000098
UA                                00000001
VAR1                              00000020
VAR2                              00000021
W                                 00000000
WCOL                              00000007
WR                                00000001
WREN                              00000002
WRERR                             00000003
Z                                 00000002
_BODEN_OFF                        00003FBF
_BODEN_ON                         00003FFF
_BOREN_OFF                        00003FBF
_BOREN_ON                         00003FFF
_CONFIG                           00002007
_CPD_OFF                          00003FFF
_CPD_ON                           00003EFF
_CP_ALL                           00000FCF
_CP_HALF                          00001FDF
_CP_OFF                           00003FFF
_CP_UPPER_256                     00002FEF
_DEBUG_OFF                        00003FFF
_DEBUG_ON                         000037FF
_DEVID1                           00002006
_FOSC_EXTRC                       00003FFF
_FOSC_HS                          00003FFE
_FOSC_LP                          00003FFC
MPASM  5.51                           LED.ASM   4-15-2016  14:42:56         PAGE 11


SYMBOL TABLE
  LABEL                             VALUE 

_FOSC_XT                          00003FFD
_HS_OSC                           00003FFE
_IDLOC0                           00002000
_IDLOC1                           00002001
_IDLOC2                           00002002
_IDLOC3                           00002003
_LP_OSC                           00003FFC
_LVP_OFF                          00003F7F
_LVP_ON                           00003FFF
_PWRTE_OFF                        00003FFF
_PWRTE_ON                         00003FF7
_RC_OSC                           00003FFF
_WDTE_OFF                         00003FFB
_WDTE_ON                          00003FFF
_WDT_OFF                          00003FFB
_WDT_ON                           00003FFF
_WRT_ENABLE_OFF                   00003DFF
_WRT_ENABLE_ON                    00003FFF
_WRT_OFF                          00003DFF
_WRT_ON                           00003FFF
_XT_OSC                           00003FFD
__16F877                          00000001
__DEBUG                           1
__MPLAB_DEBUGGER_ICD2             1


MEMORY USAGE MAP ('X' = Used,  '-' = Unused)

0000 : X---XXXXXXXXXXXX XXXXXXXXXXXXXXXX XXXXXXXXXXX----- ----------------
2000 : -------X-------- ---------------- ---------------- ----------------

All other memory blocks unused.

Program Memory Words Used:    40
Program Memory Words Free:  8152


Errors   :     0
Warnings :     3 reported,     0 suppressed
Messages :     2 reported,     0 suppressed

