MPASM  5.51                 CRONOMETROLCD.ASM   5-20-2016  15:04:12         PAGE  1


LOC  OBJECT CODE     LINE SOURCE TEXT
  VALUE

                      00001 ; * * * * * * * * * * * * * * * * * * * * * * * * * * * * * * * * * * * * * *
                      00002 ; *                   CÓDIGO FONTE P/ DATAPOLL PIC-2377                     *
                      00003 ; * * * * * * * * * * * * * * * * * * * * * * * * * * * * * * * * * * * * * *
                      00004 ; Projeto: Display LCD
                      00005 ; Aluno: Matheus Milani de Assunção     
                      00006 ; Data: 19/05/2016
                      00007 
                      00008 ; * * * * * * * * * * * * * * * * * * * * * * * * * * * * * * * * * * * * * *
                      00009 ; *                             DESCRIÇÃO GERAL                             *
                      00010 ; * * * * * * * * * * * * * * * * * * * * * * * * * * * * * * * * * * * * * *
                      00011 ; Utilize a interrupção do Timer 0 e do Timer 1 para gerar as temporizações
                      00012 ; para teclado, display e cronômetro (1 segundo).
                      00013 ; Escreva o tempo no display LCD:
                      00014 ; Linha 1: seus nomes, centralizado;
                      00015 ; Linha 2: 00:00:00 (HH:MM:SS);
                      00016 ; Ao pressionar a tecla 1 deve iniciar a contagem do cronômetro, atualizando o
                      00017 ; display a cada segundo.
                      00018 ; Ao pressionar a tecla 2, a contagem deve ser parada.
                      00019 ; Com a tecla 3 a contagem é zerada, voltando o display para 00:00:00.
                      00020 
                      00021 ; * * * * * * * * * * * * * * * * * * * * * * * * * * * * * * * * * * * * * *
                      00022 ; *                      CONFIGURAÇÃO DOS JUMPERS DE PLACA                  *
                      00023 ; * * * * * * * * * * * * * * * * * * * * * * * * * * * * * * * * * * * * * *
                      00024 ; Habilitar o dip switch CH3,1-4 (posição ON para cima);
                      00025 ; Habilitar todos os dips de CH4 (posição ON para cima);
                      00026 ; Habilitar o dip CH5,1-4 (posição ON para cima);
                      00027 ; Habilitar o dip CH6,1-2;
                      00028 ; Desabilitar as demais chaves DIP;
                      00029 ; Manter o jumper J3 na posição A e J4 na posição B;
                      00030 ; L1 – RC0; L2 – RC1; C1 – RB0; C2 – RB1...
                      00031 
                      00032 ; * * * * * * * * * * * * * * * * * * * * * * * * * * * * * * * * * * * * * *
                      00033 ; *                         CONFIGURAÇÕES PARA GRAVAÇÃO                     *
                      00034 ; * * * * * * * * * * * * * * * * * * * * * * * * * * * * * * * * * * * * * *
2007   3739           00035  __CONFIG _WDT_OFF & _XT_OSC & _LVP_OFF & _DEBUG_ON & _BODEN_OFF
                      00036 
                      00037 ;_CP_OFF        ==> MEMÓRIA DE PROGRAMA DESPROTEGIDA CONTRA LEITURA.
                      00038 ;_WRT_OFF       ==> SEM PERMISSÃO PARA ESCREVER NA MEMÓRIA DE PROGRAMA
                      00039 ;                               DURANTE EXECUÇÃO DO PROGRAMA.
                      00040 ;_DEBUG_ON      ==> DEBUG ATIVADO.
                      00041 ;_CPD_OFF       ==> MEMÓRIA EEPROM PROTEGIDA CONTRA LEITURA.
                      00042 ;_LVP_OFF       ==> PROGRAMAÇÃO EM BAIXA TENSÃO DESABILITADA.
                      00043 ;_WDT_OFF       ==> WDT DESATIVADO.
                      00044 ;_BODEN_OFF     ==> BROWN-OUT DESATIVADO. 
                      00045 ;_PWRTE_ON      ==> POWER-ON RESET ATIVADO.
                      00046 ;_XT_OSC        ==> OSCILADOR CRISTAL (4MHz).
                      00047 
                      00048 ; * * * * * * * * * * * * * * * * * * * * * * * * * * * * * * * * * * * * * *
                      00049 ;*                           ARQUIVOS DE DEFINIÇÕES                         *
                      00050 ; * * * * * * * * * * * * * * * * * * * * * * * * * * * * * * * * * * * * * *
                      00051 #INCLUDE <P16F877.INC>          ;ARQUIVO PADRÃO MICROCHIP PARA 16F877
                      00001         LIST
                      00002 
MPASM  5.51                 CRONOMETROLCD.ASM   5-20-2016  15:04:12         PAGE  2


LOC  OBJECT CODE     LINE SOURCE TEXT
  VALUE

                      00003 ;==========================================================================
                      00004 ;  MPASM PIC16F877 processor include
                      00005 ; 
                      00006 ;  (c) Copyright 1999-2013 Microchip Technology, All rights reserved
                      00007 ;==========================================================================
                      00008 
                      00540         LIST
                      00052 
                      00053 ; * * * * * * * * * * * * * * * * * * * * * * * * * * * * * * * * * * * * * *
                      00054 ; *                         DEFINIÇÃO DAS CONSTANTES                        *
                      00055 ; * * * * * * * * * * * * * * * * * * * * * * * * * * * * * * * * * * * * * *
                      00056 
                      00057 ; * * * * * * * * * * * * * * * * * * * * * * * * * * * * * * * * * * * * * *
                      00058 ; *                                     MACROS                              *
                      00059 ; * * * * * * * * * * * * * * * * * * * * * * * * * * * * * * * * * * * * * *
                      00060 
                      00061 ; * * * * * * * * * * * * * * * * * * * * * * * * * * * * * * * * * * * * * *
                      00062 ; *                            DEFINIÇÃO DAS VARIÁVEIS                      *
                      00063 ; * * * * * * * * * * * * * * * * * * * * * * * * * * * * * * * * * * * * * *
                      00064 
                      00065         CBLOCK  0X20                    ; POSIÇÃO INICIAL DA RAM
  00000020            00066                 TEMPO_1                         ; VARIAVEL PARA DELAY
  00000021            00067                 UAU                                     ; VARIAVEL PARA DELAY
  00000022            00068                 SEG_UNI                         ; VARIAVEL PARA UNIDADE DE SEGUNDO
  00000023            00069                 SEG_DEZ                         ; VARIAVEL PARA DEZENA DE SEGUNDO
  00000024            00070                 MIN_UNI                         ; VARIAVEL PARA UNIDADE DE MINUTO
  00000025            00071                 MIN_DEZ                         ; VARIAVEL PARA DEZENA DE MINUTO
  00000026            00072                 HRS_UNI
  00000027            00073                 HRS_DEZ
  00000028            00074                 SAVE_W                          ; VARIAVEL PARA GUARDAR O VALOR DE W NA INTERUPÇÃO
  00000029            00075                 SAVE_STATUS                     ; VARIAVEL PARA GUARDAR O VALOR DE STATUS NA INTERRUPÇÃO
  0000002A            00076                 VAR                                     ; VARIAVEL RESPONSAVEL PARA AJUDAR NA CONTAGEM D
                            E TMR0
  0000002B            00077                 FLAG                            ; VARIAVEL RESPONSAVEL PELA MAQUINA DE FLAGS
  0000002C            00078                 VARTMR1
                      00079         ENDC
                      00080 
                      00081 ; * * * * * * * * * * * * * * * * * * * * * * * * * * * * * * * * * * * * * *
                      00082 ; *                      DEFINIÇÃO DOS BANCOS DA RAM                        *
                      00083 ; * * * * * * * * * * * * * * * * * * * * * * * * * * * * * * * * * * * * * *
                      00084 BANK0   MACRO                                   ;SELECIONA BANK0 DE MEMÓRIA.
                      00085                                 bcf STATUS,RP1
                      00086                                 bcf     STATUS,RP0
                      00087                 ENDM                                    ;FIM DA MACRO BANK0.
                      00088 
                      00089 BANK1   MACRO                                   ;SELECIONA BANK1 DE MEMÓRIA.
                      00090                                 bcf STATUS,RP1
                      00091                                 bsf     STATUS,RP0
                      00092                 ENDM                                    ;FIM DA MACRO BANK1.
                      00093 
                      00094 ; * * * * * * * * * * * * * * * * * * * * * * * * * * * * * * * * * * * * * *
                      00095 ; *                                 FLAG                                    *
                      00096 ; * * * * * * * * * * * * * * * * * * * * * * * * * * * * * * * * * * * * * *
MPASM  5.51                 CRONOMETROLCD.ASM   5-20-2016  15:04:12         PAGE  3


LOC  OBJECT CODE     LINE SOURCE TEXT
  VALUE

                      00097 
                      00098 ; * * * * * * * * * * * * * * * * * * * * * * * * * * * * * * * * * * * * * *
                      00099 ; *                               ENTRADAS                                  *
                      00100 ; * * * * * * * * * * * * * * * * * * * * * * * * * * * * * * * * * * * * * *
                      00101 
                      00102 #DEFINE         E                       PORTE, 1
                      00103 #DEFINE         RS                      PORTE, 0        
                      00104 
                      00105 
                      00106 ; * * * * * * * * * * * * * * * * * * * * * * * * * * * * * * * * * * * * * *
                      00107 ; *                                SAÍDAS                                   *
                      00108 ; * * * * * * * * * * * * * * * * * * * * * * * * * * * * * * * * * * * * * *
                      00109 
                      00110 
                      00111 ; * * * * * * * * * * * * * * * * * * * * * * * * * * * * * * * * * * * * * *
                      00112 ; *                   VETOR DE RESET DO MICROCONTROLADOR                    *
                      00113 ; * * * * * * * * * * * * * * * * * * * * * * * * * * * * * * * * * * * * * *
0000                  00114         ORG     0x00                    ;ENDEREÇO INICIAL DE PROCESSAMENTO.
0000   2828           00115         goto    Inicio
                      00116 
                      00117 ; * * * * * * * * * * * * * * * * * * * * * * * * * * * * * * * * * * * * * *
                      00118 ; *               VETOR DE INTERRUPÇÃO DO MICROCONTROLADOR                  *
                      00119 ; * * * * * * * * * * * * * * * * * * * * * * * * * * * * * * * * * * * * * *
                      00120 
0004                  00121         ORG     0x04                    ; ENDEREÇO INICIAL DA INTERRUPÇÃO.
0004                  00122 Interrupcao:                    ; FUNÇÃO PARA TRATAMENTO DA INTERRUPÇÃO
                      00123 
0004   00A8           00124         MOVWF   SAVE_W                  ; GUARDA O VALOR DE W
0005   0E03           00125         SWAPF   STATUS,W                ; INVERTE OS NIBBLES PARA NÃO TER RISCO DE ALTERA-LOS
0006   00A9           00126         MOVWF   SAVE_STATUS             ; GUARDA O STATUS
                      00127 
0007   1D0B           00128         BTFSS   INTCON, 2               ; VERIFICA SE A INTERRUPÇÃO FOI POR CAUSA DO TMR0
0008   2812           00129                 GOTO    JAJAJA          ; SE NÃO FOI VAI PARA O FIM
0009   110B           00130         BCF             INTCON, 2               ; SE NÃO FOI LIMPA O FLAG DE OPTION_REG
000A   3006           00131         MOVLW   .6                              ; ATRIBUI VALOR 6 PARA O TIMER 0
000B   0081           00132         MOVWF   TMR0                    ; TIMER 0 VAI DE 6 ATÉ 256
Message[305]: Using default destination of 1 (file).
000C   0BAA           00133         DECFSZ  VAR                             ; DECREMENTA VAR ATÉ CHEGAR A 0
000D   2823           00134                 GOTO    COME            ;  FAZ TMR0 250 VEZES QUE É O TAMANHO DE VAR
000E   30FA           00135         MOVLW   D'250'                  ; RENOVA O VALOR DA VARIAVEL VAR
000F   00AA           00136         MOVWF   VAR     
0010   1B2B           00137         BTFSC   FLAG, 6                 ; VERIFICA SE A FLAG DE PARAR O CONTADOR ESTÁ 1 
0011   0AA2           00138                 INCF    SEG_UNI, F      ; SE NÃO ESTIVER, INCREMENTA O VALOR DE UNIDADES DE SEGUNDOS
                      00139 
0012                  00140 JAJAJA:
0012   1C0C           00141         BTFSS   PIR1, 0
0013   2823           00142                 GOTO    COME
0014   100C           00143         BCF             PIR1, 0
0015   0190           00144         CLRF    T1CON
0016   3000           00145         MOVLW   D'0'
0017   008E           00146         MOVWF   TMR1L
0018   30FF           00147         MOVLW   H'FF'
0019   008F           00148         MOVWF   TMR1H
MPASM  5.51                 CRONOMETROLCD.ASM   5-20-2016  15:04:12         PAGE  4


LOC  OBJECT CODE     LINE SOURCE TEXT
  VALUE

001A   3060           00149         MOVLW   D'96'
001B   008E           00150         MOVWF   TMR1L
001C   16AB           00151         BSF             FLAG, 5
001D   0AAC           00152         INCF    VARTMR1, F
001E   082C           00153         MOVF    VARTMR1, W
001F   3A09           00154         XORLW   D'9'
0020   1D03           00155         BTFSS   STATUS, Z
0021   2823           00156                 GOTO    COME
0022   01AC           00157         CLRF    VARTMR1
                      00158 
0023                  00159 COME:
                      00160 
0023   0E29           00161         SWAPF    SAVE_STATUS,W
0024   0083           00162         MOVWF    STATUS         ; RECUPERA STATUS
0025   0EA8           00163         SWAPF    SAVE_W,F
0026   0E28           00164         SWAPF    SAVE_W,W               
                      00165 
Warning[203]: Found opcode in column 1. (RETFIE)
0027   0009           00166 RETFIE
                      00167         
                      00168         
                      00169 ; * * * * * * * * * * * * * * * * * * * * * * * * * * * * * * * * * * * * * *
                      00170 ; *              CONFIGURAÇÕES INICIAIS DE HARDWARE E SOFTWARE              *
                      00171 ; * * * * * * * * * * * * * * * * * * * * * * * * * * * * * * * * * * * * * *
                      00172 ; Nesta rotina são inicializadas as portas de I/O do microcontrolador, os
                      00173 ; periféricos que serão usados e as configurações dos registradores 
                      00174 ; especiais (SFR). 
                      00175 
0028                  00176 Inicio:
                      00177 
Warning[206]: Found call to macro in column 1. (BANK1)
                      00178 BANK1                                           ; ALTERA PARA O BANCO 1.
0028   1303               M                                 bcf STATUS,RP1
0029   1683               M                                 bsf     STATUS,RP0
002A   3001           00179         MOVLW   B'00000001'
Message[302]: Register in operand not in bank 0.  Ensure that bank bits are correct.
002B   008C           00180         MOVWF   PIE1
002C   30E0           00181         MOVLW   B'11100000'             ;;
002D   008B           00182         MOVWF   INTCON                  ;;
002E   3005           00183         MOVLW   B'00000101'             ;; VALORES PARA FUNCIONAR O CONTADOR TMR0
Message[302]: Register in operand not in bank 0.  Ensure that bank bits are correct.
002F   0081           00184         MOVWF   OPTION_REG              ;;
0030   3007           00185         MOVLW   B'00000111'             ;;
Message[302]: Register in operand not in bank 0.  Ensure that bank bits are correct.
0031   009F           00186         MOVWF   ADCON1                  ;;
0032   30FF           00187         MOVLW   B'11111111'             ; PORTAS UTILIZADAS COMO ENTRADA 0, 1 E 2
Message[302]: Register in operand not in bank 0.  Ensure that bank bits are correct.
0033   0086           00188         MOVWF   TRISB
0034   30FE           00189         MOVLW   B'11111110'             ; PORTA UTILIZADA COMO SAIDA PORTA 0
Message[302]: Register in operand not in bank 0.  Ensure that bank bits are correct.
0035   0087           00190         MOVWF   TRISC
0036   3000           00191         MOVLW   B'00000000'             ; TODAS AS PORTAS D SÃO SAIDAS
Message[302]: Register in operand not in bank 0.  Ensure that bank bits are correct.
MPASM  5.51                 CRONOMETROLCD.ASM   5-20-2016  15:04:12         PAGE  5


LOC  OBJECT CODE     LINE SOURCE TEXT
  VALUE

0037   0088           00192         MOVWF   TRISD
0038   3000           00193         MOVLW   B'00000000'             ; PORTAS UTILIZADAS COMO SAIDA 0, 1 
Message[302]: Register in operand not in bank 0.  Ensure that bank bits are correct.
0039   0089           00194         MOVWF   TRISE
Warning[206]: Found call to macro in column 1. (BANK0)
                      00195 BANK0                                           ; RETORNA PARA O BANCO 0.
003A   1303               M                                 bcf STATUS,RP1
003B   1283               M                                 bcf     STATUS,RP0
003C   3001           00196         MOVLW   B'00000001'             ; REGISTRADOR PARA A FLAG DO TMR1
003D   008C           00197         MOVWF   PIR1
003E   3000           00198         MOVLW   B'00000000'             ; REGISTRADOR PARA CONFIGURAÇÃO 
003F   0090           00199         MOVWF   T1CON
0040   30FE           00200         MOVLW   B'11111110'             ; LINHA 0 É A UNICA LIGADA 
0041   0087           00201         MOVWF   PORTC                   
0042   30FF           00202         MOVLW   B'11111111'             ; VALORES DOS LED'S SÃO TODOS '1', APAGADO
0043   0088           00203         MOVWF   PORTD                   
                      00204 
                      00205 
                      00206 ;* * * * * * * * * * * * * * * * * * * * * * * * * * * * * * * * * *
                      00207 ;*                      INICIALIZAÇÃO DA RAM                       *
                      00208 ;* * * * * * * * * * * * * * * * * * * * * * * * * * * * * * * * * *
                      00209 ;  LIMPA DE TODA A RAM DO BANC0 0, INDO DE 0X20 A 0X7F.
0044   3020           00210         movlw   0x20
0045   0084           00211         movwf   FSR                             ; APONTA O ENDEREÇAMENTO INDIRETO PARA
                      00212                                                         ; A PRIMEIRA POSIÇÃO DA RAM.
0046                  00213 LIMPA_RAM
0046   0180           00214         clrf    INDF                    ; LIMPA A POSIÇÃO ATUAL.
0047   0A84           00215         incf    FSR,F                   ; INCREMENTA PONTEIRO P/ A PRÓX. POS.
0048   0804           00216         movf    FSR,W
0049   3A80           00217         xorlw   0x80                    ; COMPARA PONTEIRO COM A ÚLT. POS. +1.
004A   1D03           00218         btfss   STATUS,Z                ; JÁ LIMPOU TODAS AS POSIÇÕES?
004B   2846           00219         goto    LIMPA_RAM               ; NÃO, LIMPA A PRÓXIMA POSIÇÃO.
                      00220                                                         ; SIM, CONTINUA O PROGRAMA.
                      00221 
                      00222 
                      00223 ; * * * * * * * * * * * * * * * * * * * * * * * * * * * * * * * * * * * * * *
                      00224 ; *                             INICIALIZAÇÃO DO LCD                            *
                      00225 ; * * * * * * * * * * * * * * * * * * * * * * * * * * * * * * * * * * * * * *   
004C                  00226 INICIALIZA_LCD:
004C   1009           00227         BCF             RS
004D   3038           00228         MOVLW   H'38'
004E   20B3           00229         CALL    ESCREVE
004F   3028           00230         MOVLW   D'40'
0050   20AA           00231         CALL    DELAY_MS
0051   3038           00232         MOVLW   H'38'           ; ESCREVE COMANDO 0X38 PARA INICIALIZAÇÃO
0052   20B3           00233         CALL    ESCREVE                 
0053   3028           00234         MOVLW   D'40'
0054   20AA           00235         CALL    DELAY_MS
0055   3006           00236         MOVLW   H'6'            ; ESCREVE COMANDO 0X38 PARA INICIALIZAÇÃO
0056   20B3           00237         CALL    ESCREVE
0057   3028           00238         MOVLW   D'40'
0058   20AA           00239         CALL    DELAY_MS                 
0059   300C           00240         MOVLW   H'0C'           ; ESCREVE COMANDO PARA
MPASM  5.51                 CRONOMETROLCD.ASM   5-20-2016  15:04:12         PAGE  6


LOC  OBJECT CODE     LINE SOURCE TEXT
  VALUE

005A   20B3           00241         CALL    ESCREVE         ; INTERFACE DE 8 VIAS DE DADOS
005B   3028           00242         MOVLW   D'40'
005C   20AA           00243         CALL    DELAY_MS
005D   3001           00244         MOVLW   H'01'           ; ESCREVE COMANDO PARA
005E   20B3           00245         CALL    ESCREVE         ; LIMPAR TODO O DISPLAY
005F   3028           00246         MOVLW   D'40'
0060   20AA           00247         CALL    DELAY_MS                
0061   1409           00248         BSF             RS
                      00249                                                 ;INICIALIZANDO O NOME
0062   1009           00250         BCF             RS      ; SELECIONA O DISPLAY P/ COMANDOS
0063   3080           00251         MOVLW   H'80'           ; COMANDO PARA POSICIONAR O CURSOR
0064   20B3           00252         CALL    ESCREVE                 ; LINHA 0 / COLUNA 0
0065   3001           00253         MOVLW   D'1'
0066   20AA           00254         CALL    DELAY_MS
0067   1409           00255         BSF     RS              ; SELECIONA O DISPLAY P/ DADOS
                      00256 
0068   3052           00257         MOVLW   'R'
0069   20B3           00258         CALL    ESCREVE
006A   3001           00259         MOVLW   D'1'
006B   20AA           00260         CALL    DELAY_MS
006C   306F           00261         MOVLW   'o'
006D   20B3           00262         CALL    ESCREVE
006E   3001           00263         MOVLW   D'1'
006F   20AA           00264         CALL    DELAY_MS
0070   3064           00265         MOVLW   'd'
0071   20B3           00266         CALL    ESCREVE
0072   3001           00267         MOVLW   D'1'
0073   20AA           00268         CALL    DELAY_MS
0074   3072           00269         MOVLW   'r'
0075   20B3           00270         CALL    ESCREVE
0076   3001           00271         MOVLW   D'1'
0077   20AA           00272         CALL    DELAY_MS
0078   3069           00273         MOVLW   'i'
0079   20B3           00274         CALL    ESCREVE
007A   3001           00275         MOVLW   D'1'
007B   20AA           00276         CALL    DELAY_MS
007C   3067           00277         MOVLW   'g'
007D   20B3           00278         CALL    ESCREVE
007E   3001           00279         MOVLW   D'1'
007F   20AA           00280         CALL    DELAY_MS
0080   306F           00281         MOVLW   'o'
0081   20B3           00282         CALL    ESCREVE
0082   3001           00283         MOVLW   D'1'
0083   20AA           00284         CALL    DELAY_MS
0084   3020           00285         MOVLW   ' '
0085   20B3           00286         CALL    ESCREVE
0086   3001           00287         MOVLW   D'1'
0087   20AA           00288         CALL    DELAY_MS
0088   304D           00289         MOVLW   'M'
0089   20B3           00290         CALL    ESCREVE
008A   3001           00291         MOVLW   D'1'
008B   20AA           00292         CALL    DELAY_MS
008C   3061           00293         MOVLW   'a'
MPASM  5.51                 CRONOMETROLCD.ASM   5-20-2016  15:04:12         PAGE  7


LOC  OBJECT CODE     LINE SOURCE TEXT
  VALUE

008D   20B3           00294         CALL    ESCREVE
008E   3001           00295         MOVLW   D'1'
008F   20AA           00296         CALL    DELAY_MS
0090   3074           00297         MOVLW   't'
0091   20B3           00298         CALL    ESCREVE
0092   3001           00299         MOVLW   D'1'
0093   20AA           00300         CALL    DELAY_MS
0094   3068           00301         MOVLW   'h'
0095   20B3           00302         CALL    ESCREVE
0096   3001           00303         MOVLW   D'1'
0097   20AA           00304         CALL    DELAY_MS
0098   3065           00305         MOVLW   'e'
0099   20B3           00306         CALL    ESCREVE
009A   3001           00307         MOVLW   D'1'
009B   20AA           00308         CALL    DELAY_MS
009C   3075           00309         MOVLW   'u'
009D   20B3           00310         CALL    ESCREVE
009E   3001           00311         MOVLW   D'1'
009F   20AA           00312         CALL    DELAY_MS
00A0   3073           00313         MOVLW   's'
00A1   20B3           00314         CALL    ESCREVE
00A2   3001           00315         MOVLW   D'1'
00A3   20AA           00316         CALL    DELAY_MS
                      00317 
                      00318 ;* * * * * * * * * * * * * * * * * * * * * * * * * * * * * * * * * *
                      00319 ;*                      INICIALIZAÇÃO DAS VARIAVEIS                *
                      00320 ;* * * * * * * * * * * * * * * * * * * * * * * * * * * * * * * * * *
00A4   3071           00321         MOVLW   B'01110001'                     ; MAQUINA DE FLAGS, SEMPRE ENTRA NA FLAG0 QUANDO INICIAL
                            IZADA 
00A5   00AB           00322         MOVWF   FLAG
00A6   30FA           00323         MOVLW   D'250'                          ; VARxTMR0x64 = 4000000
00A7   00AA           00324         MOVWF   VAR
00A8   01AC           00325         CLRF    VARTMR1
00A9   28B7           00326         GOTO    MAIN
                      00327 
                      00328 
                      00329 
                      00330 ; - - - - - - - - - - - - - - - - - - - - - - - - - - - - - - - - - - - - - - - - - - - - - - - - - - 
                      00331 
00AA                  00332 DELAY_MS:
00AA   00A1           00333         MOVWF   UAU             ;recebe W determinado antes desta funcao ser chamada
00AB   30FA           00334         MOVLW   .250                    
00AC   00A0           00335         MOVWF   TEMPO_1         ;move 250 para a variavel TEMPO_ms
                      00336         
                      00337         
00AD                  00338 DELAY_1:
00AD   0000           00339         NOP                                     
Message[305]: Using default destination of 1 (file).
00AE   0BA0           00340         DECFSZ  TEMPO_1         ;Decrementa a variavel para contar 1ms
00AF   28AD           00341                 GOTO    DELAY_1                 ;Se nao for zero volta para o inicio da funcao 
                      00342         
Message[305]: Using default destination of 1 (file).
00B0   0BA1           00343         DECFSZ  UAU             ;Decrementa a variavel para multiplicar o 1ms
MPASM  5.51                 CRONOMETROLCD.ASM   5-20-2016  15:04:12         PAGE  8


LOC  OBJECT CODE     LINE SOURCE TEXT
  VALUE

00B1   28AD           00344                 GOTO    DELAY_1 
                      00345         
Warning[203]: Found opcode in column 1. (RETURN)
00B2   0008           00346 RETURN
                      00347 
                      00348 ; - - - - - - - - - - - - - - - - - - - - - - - - - - - - - - - - - - - - - - - - - - - - - - - - - - 
                      00349 
                      00350 
                      00351 ; - - - - - - - - - - - - - - - - - - - - - - - - - - - - - - - - - - - - - - - - - - - - - - - - - - 
00B3                  00352 ESCREVE:
00B3   1489           00353         BSF             E                               ;ENVIA UM PULSO DE ENABLE AO DISPLAY
00B4   0088           00354         MOVWF   PORTD
00B5   1089           00355         BCF     E                       
Warning[203]: Found opcode in column 1. (RETURN)
00B6   0008           00356 RETURN                                  ; RETORNA
                      00357 ; - - - - - - - - - - - - - - - - - - - - - - - - - - - - - - - - - - - - - - - - - - - - - - - - - - 
                      00358 
                      00359 ; * * * * * * * * * * * * * * * * * * * * * * * * * * * * * * * * * * * * * *
                      00360 ; *                             ROTINA PRINCIPAL                                *
                      00361 ; * * * * * * * * * * * * * * * * * * * * * * * * * * * * * * * * * * * * * *
00B7                  00362 MAIN
                      00363 
00B7   182B           00364         BTFSC   FLAG, 0
00B8   20C4           00365                 CALL    LE_TECLADO
                      00366 
00B9   18AB           00367         BTFSC   FLAG, 1
00BA   20D4           00368                 CALL    START_CRON
                      00369                 
00BB   192B           00370         BTFSC   FLAG, 2
00BC   20D8           00371                 CALL    RESET_CRON
                      00372                 
00BD   19AB           00373         BTFSC   FLAG, 3
00BE   20E1           00374                 CALL    STOP_CRON
                      00375                 
00BF   1A2B           00376         BTFSC   FLAG, 4
00C0   20E5           00377                 CALL    ATUALIZA_CRON
                      00378         
00C1   1AAB           00379         BTFSC   FLAG, 5
00C2   2104           00380                 CALL    ATUALIZA_DISP           
                      00381 
Warning[203]: Found opcode in column 1. (GOTO)
00C3   28B7           00382 GOTO MAIN
                      00383 
                      00384 
                      00385 ; - - - - - - - - - - - - - - - - - - - - - - - - - - - - - - - - - - - - - - - - - - - - - - - - - - 
00C4                  00386 LE_TECLADO
00C4   1806           00387         BTFSC   PORTB, 0                ; TESTAR SE A PORTA DE COMEÇAR FOI PRESSIONADA
00C5   28C9           00388                 GOTO    $ + 4           ; SE NÃO VAI PARA A PROXIMA PORTA
00C6   0000           00389                 NOP
                      00390 ;               CALL DELAY                      ; CHAMA O DELAY PARA EVITAR O DEBOUNCE
00C7   1C06           00391                 BTFSS   PORTB, 0        ; TESTANDO DE NOVO APOS O TEMPO DO DELAY
00C8   14AB           00392                         BSF     FLAG, 1         ; SE FOI PRESSIONADA ENTRA NO ESTADO DE INICIAR O CRONOM
                            ETRO
MPASM  5.51                 CRONOMETROLCD.ASM   5-20-2016  15:04:12         PAGE  9


LOC  OBJECT CODE     LINE SOURCE TEXT
  VALUE

                      00393         
00C9   1886           00394         BTFSC   PORTB, 1                ; TESTAR SE A PORTA DE COMEÇAR FOI PRESSIONADA
00CA   28CE           00395                 GOTO    $ + 4           ; SE NÃO VAI PARA A PROXIMA PORTA
                      00396 ;               CALL DELAY                      ; CHAMA O DELAY PARA EVITAR O DEBOUNCE
00CB   0000           00397                 NOP
00CC   1C86           00398                 BTFSS   PORTB, 1        ; TESTANDO DE NOVO APOS O TEMPO DO DELAY
00CD   152B           00399                         BSF     FLAG, 2         ; SE FOI PRESSIONADA ENTRA NO ESTADO DE RESETAR O CRONOM
                            ETRO
                      00400 
00CE   1906           00401         BTFSC   PORTB, 2                ; TESTAR SE A PORTA DE COMEÇAR FOI PRESSIONADA
00CF   28D3           00402                 GOTO    $ + 4           ; SE NÃO VAI PARA A PROXIMA PORTA
                      00403 ;               CALL DELAY                      ; CHAMA O DELAY PARA EVITAR O DEBOUNCE
00D0   0000           00404                 NOP
00D1   1D06           00405                 BTFSS   PORTB, 2        ; TESTANDO DE NOVO APOS O TEMPO DO DELAY
00D2   15AB           00406                         BSF     FLAG, 3         ; SE FOI PRESSIONADA ENTRA NO ESTADO DE PARAR O CRONOMET
                            RO
Warning[203]: Found opcode in column 1. (RETURN)
00D3   0008           00407 RETURN
                      00408 ; - - - - - - - - - - - - - - - - - - - - - - - - - - - - - - - - - - - - - - - - - - - - - - - - - - 
                      00409 
                      00410 ; - - - - - - - - - - - - - - - - - - - - - - - - - - - - - - - - - - - - - - - - - - - - - - - - - - 
00D4                  00411 START_CRON
00D4   162B           00412         BSF     FLAG, 4
00D5   10AB           00413         BCF     FLAG, 1
00D6   172B           00414         BSF     FLAG, 6
Warning[203]: Found opcode in column 1. (RETURN)
00D7   0008           00415 RETURN
                      00416 ; - - - - - - - - - - - - - - - - - - - - - - - - - - - - - - - - - - - - - - - - - - - - - - - - - - 
                      00417 
                      00418 ; - - - - - - - - - - - - - - - - - - - - - - - - - - - - - - - - - - - - - - - - - - - - - - - - - - 
00D8                  00419 RESET_CRON                                      ; SE FOR PRESSIONADO O BOTÃO DE RESET 
00D8   01A2           00420         CLRF    SEG_UNI                 ; LIMPA TODAS AS VARIAVEIS 
00D9   01A3           00421         CLRF    SEG_DEZ                 ; DE SEGUNDOS E MINUTOS
00DA   01A4           00422         CLRF    MIN_UNI
00DB   01A5           00423         CLRF    MIN_DEZ
00DC   01A6           00424         CLRF    HRS_UNI
00DD   01A7           00425         CLRF    HRS_DEZ
00DE   112B           00426         BCF             FLAG, 2
00DF   15AB           00427         BSF             FLAG, 3
Warning[203]: Found opcode in column 1. (RETURN)
00E0   0008           00428 RETURN
                      00429 ; - - - - - - - - - - - - - - - - - - - - - - - - - - - - - - - - - - - - - - - - - - - - - - - - - - 
                      00430 
                      00431 ; - - - - - - - - - - - - - - - - - - - - - - - - - - - - - - - - - - - - - - - - - - - - - - - - - - 
00E1                  00432 STOP_CRON                                       ; SE FOR PRESSIONADO O BOTÃO DE PARAR
00E1   122B           00433         BCF     FLAG, 4                         ; NÃO ENTRA NO LAÇO DE ATUALIZAR O CRONOMETRO
00E2   132B           00434         BCF     FLAG, 6
00E3   11AB           00435         BCF     FLAG, 3 
Warning[203]: Found opcode in column 1. (RETURN)
00E4   0008           00436 RETURN
                      00437 ; - - - - - - - - - - - - - - - - - - - - - - - - - - - - - - - - - - - - - - - - - - - - - - - - - - 
                      00438 
                      00439 ; - - - - - - - - - - - - - - - - - - - - - - - - - - - - - - - - - - - - - - - - - - - - - - - - - - 
MPASM  5.51                 CRONOMETROLCD.ASM   5-20-2016  15:04:12         PAGE 10


LOC  OBJECT CODE     LINE SOURCE TEXT
  VALUE

00E5                  00440 ATUALIZA_CRON:
00E5   0822           00441         MOVF    SEG_UNI, W
00E6   3A0A           00442         XORLW   D'10'                   ; VERIFICA SE UNIDADES DE SGUNDOS É IGUAL A 10 
00E7   1D03           00443         BTFSS   STATUS, Z               ; A "RESPOSTA" FICA ARMAZENADA EM STATUS, AI TESTAMOS 
00E8   2903           00444                 GOTO    AQUI            ; SE NÃO FOR 10 VAI PARA O FINAL 
00E9   0AA3           00445         INCF    SEG_DEZ, F              ; SENÃO INCREMENTA A DEZENA DE SEGUNDOS 
00EA   01A2           00446         CLRF    SEG_UNI                 ; E ZERA A UNIDADES
                      00447 
00EB   0823           00448         MOVF    SEG_DEZ, W
00EC   3A06           00449         XORLW   D'6'
00ED   1D03           00450         BTFSS   STATUS, Z
00EE   2903           00451                 GOTO    AQUI
00EF   0AA4           00452         INCF    MIN_UNI, F
00F0   01A3           00453         CLRF    SEG_DEZ
                      00454 
00F1   0824           00455         MOVF    MIN_UNI, W
00F2   3A0A           00456         XORLW   D'10'
00F3   1D03           00457         BTFSS   STATUS, Z
00F4   2903           00458                 GOTO    AQUI
00F5   0AA5           00459         INCF    MIN_DEZ, F
00F6   01A4           00460         CLRF    MIN_UNI
                      00461         
00F7   0825           00462         MOVF    MIN_DEZ, W
00F8   3A06           00463         XORLW   D'6'
00F9   1D03           00464         BTFSS   STATUS, Z
00FA   2903           00465                 GOTO    AQUI
00FB   0AA6           00466         INCF    HRS_UNI, F
00FC   01A5           00467         CLRF    MIN_DEZ
                      00468 
00FD   0826           00469         MOVF    HRS_UNI, W
00FE   3A0A           00470         XORLW   D'10'
00FF   1D03           00471         BTFSS   STATUS, Z
0100   2903           00472                 GOTO    AQUI
0101   0AA7           00473         INCF    HRS_DEZ, F
0102   01A6           00474         CLRF    HRS_UNI 
                      00475 
0103                  00476 AQUI:
                      00477                                         ; TODA VEZ QUE O CRONOMETRO FOR ATUALIZADO O DISPLAY TAMBEM SERÁ
                             
Warning[203]: Found opcode in column 1. (RETURN)
0103   0008           00478 RETURN
                      00479 ; - - - - - - - - - - - - - - - - - - - - - - - - - - - - - - - - - - - - - - - - - - - - - - - - - - 
                      00480 
                      00481 ; - - - - - - - - - - - - - - - - - - - - - - - - - - - - - - - - - - - - - - - - - - - - - - - - - - 
0104                  00482 ATUALIZA_DISP
0104   082C           00483         MOVF    VARTMR1, W
0105   3A00           00484         XORLW   D'0'
0106   1D03           00485         BTFSS   STATUS, Z
0107   290F           00486                 GOTO    NEXT1
0108   1009           00487         BCF     RS              ; SELECIONA O DISPLAY P/ COMANDO
0109   30C0           00488         MOVLW   H'C0'           ; COMANDO PARA POSICIONAR O CURSOR
010A   20B3           00489         CALL    ESCREVE                 ; LINHA 2 / COLUNA 0
010B   1409           00490         BSF     RS 
MPASM  5.51                 CRONOMETROLCD.ASM   5-20-2016  15:04:12         PAGE 11


LOC  OBJECT CODE     LINE SOURCE TEXT
  VALUE

010C   3001           00491         MOVLW   B'00000001'
010D   0090           00492         MOVWF   T1CON   
010E   100C           00493         BCF             PIR1, 0
                      00494         ;BSF            T1CON, 0
010F                  00495 NEXT1:
010F   082C           00496         MOVF    VARTMR1, W
0110   3A01           00497         XORLW   D'1'
0111   1D03           00498         BTFSS   STATUS, Z
0112   2919           00499                 GOTO    NEXT2
0113   0827           00500         MOVF    HRS_DEZ, W
0114   3E30           00501         ADDLW   D'48'
0115   20B3           00502         CALL    ESCREVE
0116   3001           00503         MOVLW   B'00000001'
0117   0090           00504         MOVWF   T1CON
0118   100C           00505         BCF             PIR1, 0 
                      00506 
0119                  00507 NEXT2:
0119   082C           00508         MOVF    VARTMR1, W
011A   3A02           00509         XORLW   D'2'
011B   1D03           00510         BTFSS   STATUS, Z
011C   2923           00511                 GOTO    NEXT3   
011D   0826           00512         MOVF    HRS_UNI, W
011E   3E30           00513         ADDLW   D'48'
011F   20B3           00514         CALL    ESCREVE 
0120   3001           00515         MOVLW   B'00000001'
0121   0090           00516         MOVWF   T1CON
0122   100C           00517         BCF             PIR1, 0
                      00518 
0123                  00519 NEXT3:
0123   082C           00520         MOVF    VARTMR1, W
0124   3A03           00521         XORLW   D'3'
0125   1D03           00522         BTFSS   STATUS, Z
0126   292C           00523                 GOTO    NEXT4
0127   302E           00524         MOVLW   '.'
0128   20B3           00525         CALL    ESCREVE
0129   3001           00526         MOVLW   B'00000001'
012A   0090           00527         MOVWF   T1CON
012B   100C           00528         BCF             PIR1, 0
                      00529 
012C                  00530 NEXT4:
012C   082C           00531         MOVF    VARTMR1, W
012D   3A04           00532         XORLW   D'4'
012E   1D03           00533         BTFSS   STATUS, Z
012F   2936           00534                 GOTO    NEXT5
0130   0825           00535         MOVF    MIN_DEZ, W
0131   3E30           00536         ADDLW   D'48'
0132   20B3           00537         CALL    ESCREVE
0133   3001           00538         MOVLW   B'00000001'
0134   0090           00539         MOVWF   T1CON
0135   100C           00540         BCF             PIR1, 0
                      00541 
0136                  00542 NEXT5:
0136   082C           00543         MOVF    VARTMR1, W
MPASM  5.51                 CRONOMETROLCD.ASM   5-20-2016  15:04:12         PAGE 12


LOC  OBJECT CODE     LINE SOURCE TEXT
  VALUE

0137   3A05           00544         XORLW   D'5'
0138   1D03           00545         BTFSS   STATUS, Z
0139   2940           00546                 GOTO    NEXT6
013A   0824           00547         MOVF    MIN_UNI, W
013B   3E30           00548         ADDLW   D'48'
013C   20B3           00549         CALL    ESCREVE
013D   3001           00550         MOVLW   B'00000001'
013E   0090           00551         MOVWF   T1CON
013F   100C           00552         BCF             PIR1, 0
                      00553 
0140                  00554 NEXT6:
0140   082C           00555         MOVF    VARTMR1, W
0141   3A06           00556         XORLW   D'6'
0142   1D03           00557         BTFSS   STATUS, Z
0143   2949           00558                 GOTO    NEXT7
0144   302E           00559         MOVLW   '.'
0145   20B3           00560         CALL    ESCREVE
0146   3001           00561         MOVLW   B'00000001'
0147   0090           00562         MOVWF   T1CON
0148   100C           00563         BCF             PIR1, 0
                      00564 
0149                  00565 NEXT7:
0149   082C           00566         MOVF    VARTMR1, W
014A   3A07           00567         XORLW   D'7'
014B   1D03           00568         BTFSS   STATUS, Z
014C   2953           00569                 GOTO    NEXT8
014D   0823           00570         MOVF    SEG_DEZ, W
014E   3E30           00571         ADDLW   D'48'
014F   20B3           00572         CALL    ESCREVE
0150   3001           00573         MOVLW   B'00000001'
0151   0090           00574         MOVWF   T1CON
0152   100C           00575         BCF             PIR1, 0
                      00576 
0153                  00577 NEXT8:
0153   082C           00578         MOVF    VARTMR1, W
0154   3A08           00579         XORLW   D'8'
0155   1D03           00580         BTFSS   STATUS, Z
0156   295D           00581                 GOTO    NEXT9
0157   0822           00582         MOVF    SEG_UNI, W
0158   3E30           00583         ADDLW   D'48'
0159   20B3           00584         CALL    ESCREVE
015A   3001           00585         MOVLW   B'00000001'
015B   0090           00586         MOVWF   T1CON
015C   100C           00587         BCF             PIR1, 0
                      00588 
015D                  00589 NEXT9:
                      00590 
015D   12AB           00591         BCF             FLAG, 5
                      00592         ;BCF            FLAG, 4
Warning[203]: Found opcode in column 1. (RETURN)
015E   0008           00593 RETURN
                      00594 ; - - - - - - - - - - - - - - - - - - - - - - - - - - - - - - - - - - - - - - - - - - - - - - - - - - 
                      00595 
MPASM  5.51                 CRONOMETROLCD.ASM   5-20-2016  15:04:12         PAGE 13


LOC  OBJECT CODE     LINE SOURCE TEXT
  VALUE

                      00596 
                      00597 ; * * * * * * * * * * * * * * * * * * * * * * * * * * * * * * * * * * * * * *
                      00598 ; *                             FIM DO PROGRAMA                             *
                      00599 ; * * * * * * * * * * * * * * * * * * * * * * * * * * * * * * * * * * * * * *
                      00600         END                             ; FIM DO PROGRAMA
MPASM  5.51                 CRONOMETROLCD.ASM   5-20-2016  15:04:12         PAGE 14


SYMBOL TABLE
  LABEL                             VALUE 

ACKDT                             00000005
ACKEN                             00000004
ACKSTAT                           00000006
ADCON0                            0000001F
ADCON1                            0000009F
ADCS0                             00000006
ADCS1                             00000007
ADDEN                             00000003
ADFM                              00000007
ADIE                              00000006
ADIF                              00000006
ADON                              00000000
ADRESH                            0000001E
ADRESL                            0000009E
AQUI                              00000103
ATUALIZA_CRON                     000000E5
ATUALIZA_DISP                     00000104
BANK0                             
BANK1                             
BCLIE                             00000003
BCLIF                             00000003
BF                                00000000
BRGH                              00000002
C                                 00000000
CCP1CON                           00000017
CCP1IE                            00000002
CCP1IF                            00000002
CCP1M0                            00000000
CCP1M1                            00000001
CCP1M2                            00000002
CCP1M3                            00000003
CCP1X                             00000005
CCP1Y                             00000004
CCP2CON                           0000001D
CCP2IE                            00000000
CCP2IF                            00000000
CCP2M0                            00000000
CCP2M1                            00000001
CCP2M2                            00000002
CCP2M3                            00000003
CCP2X                             00000005
CCP2Y                             00000004
CCPR1                             00000015
CCPR1H                            00000016
CCPR1L                            00000015
CCPR2                             0000001B
CCPR2H                            0000001C
CCPR2L                            0000001B
CHS0                              00000003
CHS1                              00000004
CHS2                              00000005
CKE                               00000006
CKP                               00000004
MPASM  5.51                 CRONOMETROLCD.ASM   5-20-2016  15:04:12         PAGE 15


SYMBOL TABLE
  LABEL                             VALUE 

COME                              00000023
CREN                              00000004
CSRC                              00000007
D                                 00000005
DATA_ADDRESS                      00000005
DC                                00000001
DELAY_1                           000000AD
DELAY_MS                          000000AA
D_A                               00000005
D_NOT_A                           00000005
E                                 PORTE, 1
EEADR                             0000010D
EEADRH                            0000010F
EECON1                            0000018C
EECON2                            0000018D
EEDATA                            0000010C
EEDATH                            0000010E
EEIE                              00000004
EEIF                              00000004
EEPGD                             00000007
ESCREVE                           000000B3
F                                 00000001
FERR                              00000002
FLAG                              0000002B
FSR                               00000004
GCEN                              00000007
GIE                               00000007
GO                                00000002
GO_DONE                           00000002
GO_NOT_DONE                       00000002
HRS_DEZ                           00000027
HRS_UNI                           00000026
I2C_DATA                          00000005
I2C_READ                          00000002
I2C_START                         00000003
I2C_STOP                          00000004
IBF                               00000007
IBOV                              00000005
INDF                              00000000
INICIALIZA_LCD                    0000004C
INTCON                            0000000B
INTE                              00000004
INTEDG                            00000006
INTF                              00000001
IRP                               00000007
Inicio                            00000028
Interrupcao                       00000004
JAJAJA                            00000012
LE_TECLADO                        000000C4
LIMPA_RAM                         00000046
MAIN                              000000B7
MIN_DEZ                           00000025
MIN_UNI                           00000024
MPASM  5.51                 CRONOMETROLCD.ASM   5-20-2016  15:04:12         PAGE 16


SYMBOL TABLE
  LABEL                             VALUE 

NEXT1                             0000010F
NEXT2                             00000119
NEXT3                             00000123
NEXT4                             0000012C
NEXT5                             00000136
NEXT6                             00000140
NEXT7                             00000149
NEXT8                             00000153
NEXT9                             0000015D
NOT_A                             00000005
NOT_ADDRESS                       00000005
NOT_BO                            00000000
NOT_BOR                           00000000
NOT_DONE                          00000002
NOT_PD                            00000003
NOT_POR                           00000001
NOT_RBPU                          00000007
NOT_RC8                           00000006
NOT_T1SYNC                        00000002
NOT_TO                            00000004
NOT_TX8                           00000006
NOT_W                             00000002
NOT_WRITE                         00000002
OBF                               00000006
OERR                              00000001
OPTION_REG                        00000081
P                                 00000004
PCFG0                             00000000
PCFG1                             00000001
PCFG2                             00000002
PCFG3                             00000003
PCL                               00000002
PCLATH                            0000000A
PCON                              0000008E
PEIE                              00000006
PEN                               00000002
PIE1                              0000008C
PIE2                              0000008D
PIR1                              0000000C
PIR2                              0000000D
PORTA                             00000005
PORTB                             00000006
PORTC                             00000007
PORTD                             00000008
PORTE                             00000009
PR2                               00000092
PS0                               00000000
PS1                               00000001
PS2                               00000002
PSA                               00000003
PSPIE                             00000007
PSPIF                             00000007
PSPMODE                           00000004
MPASM  5.51                 CRONOMETROLCD.ASM   5-20-2016  15:04:12         PAGE 17


SYMBOL TABLE
  LABEL                             VALUE 

R                                 00000002
RA0                               00000000
RA1                               00000001
RA2                               00000002
RA3                               00000003
RA4                               00000004
RA5                               00000005
RB0                               00000000
RB1                               00000001
RB2                               00000002
RB3                               00000003
RB4                               00000004
RB5                               00000005
RB6                               00000006
RB7                               00000007
RBIE                              00000003
RBIF                              00000000
RC0                               00000000
RC1                               00000001
RC2                               00000002
RC3                               00000003
RC4                               00000004
RC5                               00000005
RC6                               00000006
RC7                               00000007
RC8_9                             00000006
RC9                               00000006
RCD8                              00000000
RCEN                              00000003
RCIE                              00000005
RCIF                              00000005
RCREG                             0000001A
RCSTA                             00000018
RD                                00000000
RD0                               00000000
RD1                               00000001
RD2                               00000002
RD3                               00000003
RD4                               00000004
RD5                               00000005
RD6                               00000006
RD7                               00000007
RE0                               00000000
RE1                               00000001
RE2                               00000002
READ_WRITE                        00000002
RESET_CRON                        000000D8
RP0                               00000005
RP1                               00000006
RS                                PORTE, 0
RSEN                              00000001
RX9                               00000006
RX9D                              00000000
MPASM  5.51                 CRONOMETROLCD.ASM   5-20-2016  15:04:12         PAGE 18


SYMBOL TABLE
  LABEL                             VALUE 

R_NOT_W                           00000002
R_W                               00000002
S                                 00000003
SAVE_STATUS                       00000029
SAVE_W                            00000028
SEG_DEZ                           00000023
SEG_UNI                           00000022
SEN                               00000000
SMP                               00000007
SPBRG                             00000099
SPEN                              00000007
SREN                              00000005
SSPADD                            00000093
SSPBUF                            00000013
SSPCON                            00000014
SSPCON2                           00000091
SSPEN                             00000005
SSPIE                             00000003
SSPIF                             00000003
SSPM0                             00000000
SSPM1                             00000001
SSPM2                             00000002
SSPM3                             00000003
SSPOV                             00000006
SSPSTAT                           00000094
START_CRON                        000000D4
STATUS                            00000003
STOP_CRON                         000000E1
SYNC                              00000004
T0CS                              00000005
T0IE                              00000005
T0IF                              00000002
T0SE                              00000004
T1CKPS0                           00000004
T1CKPS1                           00000005
T1CON                             00000010
T1INSYNC                          00000002
T1OSCEN                           00000003
T1SYNC                            00000002
T2CKPS0                           00000000
T2CKPS1                           00000001
T2CON                             00000012
TEMPO_1                           00000020
TMR0                              00000001
TMR0IE                            00000005
TMR0IF                            00000002
TMR1                              0000000E
TMR1CS                            00000001
TMR1H                             0000000F
TMR1IE                            00000000
TMR1IF                            00000000
TMR1L                             0000000E
TMR1ON                            00000000
MPASM  5.51                 CRONOMETROLCD.ASM   5-20-2016  15:04:12         PAGE 19


SYMBOL TABLE
  LABEL                             VALUE 

TMR2                              00000011
TMR2IE                            00000001
TMR2IF                            00000001
TMR2ON                            00000002
TOUTPS0                           00000003
TOUTPS1                           00000004
TOUTPS2                           00000005
TOUTPS3                           00000006
TRISA                             00000085
TRISA0                            00000000
TRISA1                            00000001
TRISA2                            00000002
TRISA3                            00000003
TRISA4                            00000004
TRISA5                            00000005
TRISB                             00000086
TRISB0                            00000000
TRISB1                            00000001
TRISB2                            00000002
TRISB3                            00000003
TRISB4                            00000004
TRISB5                            00000005
TRISB6                            00000006
TRISB7                            00000007
TRISC                             00000087
TRISC0                            00000000
TRISC1                            00000001
TRISC2                            00000002
TRISC3                            00000003
TRISC4                            00000004
TRISC5                            00000005
TRISC6                            00000006
TRISC7                            00000007
TRISD                             00000088
TRISD0                            00000000
TRISD1                            00000001
TRISD2                            00000002
TRISD3                            00000003
TRISD4                            00000004
TRISD5                            00000005
TRISD6                            00000006
TRISD7                            00000007
TRISE                             00000089
TRISE0                            00000000
TRISE1                            00000001
TRISE2                            00000002
TRMT                              00000001
TX8_9                             00000006
TX9                               00000006
TX9D                              00000000
TXD8                              00000000
TXEN                              00000005
TXIE                              00000004
MPASM  5.51                 CRONOMETROLCD.ASM   5-20-2016  15:04:12         PAGE 20


SYMBOL TABLE
  LABEL                             VALUE 

TXIF                              00000004
TXREG                             00000019
TXSTA                             00000098
UA                                00000001
UAU                               00000021
VAR                               0000002A
VARTMR1                           0000002C
W                                 00000000
WCOL                              00000007
WR                                00000001
WREN                              00000002
WRERR                             00000003
Z                                 00000002
_BODEN_OFF                        00003FBF
_BODEN_ON                         00003FFF
_BOREN_OFF                        00003FBF
_BOREN_ON                         00003FFF
_CONFIG                           00002007
_CPD_OFF                          00003FFF
_CPD_ON                           00003EFF
_CP_ALL                           00000FCF
_CP_HALF                          00001FDF
_CP_OFF                           00003FFF
_CP_UPPER_256                     00002FEF
_DEBUG_OFF                        00003FFF
_DEBUG_ON                         000037FF
_DEVID1                           00002006
_FOSC_EXTRC                       00003FFF
_FOSC_HS                          00003FFE
_FOSC_LP                          00003FFC
_FOSC_XT                          00003FFD
_HS_OSC                           00003FFE
_IDLOC0                           00002000
_IDLOC1                           00002001
_IDLOC2                           00002002
_IDLOC3                           00002003
_LP_OSC                           00003FFC
_LVP_OFF                          00003F7F
_LVP_ON                           00003FFF
_PWRTE_OFF                        00003FFF
_PWRTE_ON                         00003FF7
_RC_OSC                           00003FFF
_WDTE_OFF                         00003FFB
_WDTE_ON                          00003FFF
_WDT_OFF                          00003FFB
_WDT_ON                           00003FFF
_WRT_ENABLE_OFF                   00003DFF
_WRT_ENABLE_ON                    00003FFF
_WRT_OFF                          00003DFF
_WRT_ON                           00003FFF
_XT_OSC                           00003FFD
__16F877                          00000001
__DEBUG                           1
MPASM  5.51                 CRONOMETROLCD.ASM   5-20-2016  15:04:12         PAGE 21


SYMBOL TABLE
  LABEL                             VALUE 

__MPLAB_DEBUGGER_ICD2             1


MEMORY USAGE MAP ('X' = Used,  '-' = Unused)

0000 : X---XXXXXXXXXXXX XXXXXXXXXXXXXXXX XXXXXXXXXXXXXXXX XXXXXXXXXXXXXXXX
0040 : XXXXXXXXXXXXXXXX XXXXXXXXXXXXXXXX XXXXXXXXXXXXXXXX XXXXXXXXXXXXXXXX
0080 : XXXXXXXXXXXXXXXX XXXXXXXXXXXXXXXX XXXXXXXXXXXXXXXX XXXXXXXXXXXXXXXX
00C0 : XXXXXXXXXXXXXXXX XXXXXXXXXXXXXXXX XXXXXXXXXXXXXXXX XXXXXXXXXXXXXXXX
0100 : XXXXXXXXXXXXXXXX XXXXXXXXXXXXXXXX XXXXXXXXXXXXXXXX XXXXXXXXXXXXXXXX
0140 : XXXXXXXXXXXXXXXX XXXXXXXXXXXXXXX- ---------------- ----------------
2000 : -------X-------- ---------------- ---------------- ----------------

All other memory blocks unused.

Program Memory Words Used:   348
Program Memory Words Free:  7844


Errors   :     0
Warnings :    12 reported,     0 suppressed
Messages :    10 reported,     0 suppressed

