Message[305] D:\FACULDADE\MICRO\LAB07\CRONOMETROLCD.ASM 133 : Using default destination of 1 (file).
Warning[203] D:\FACULDADE\MICRO\LAB07\CRONOMETROLCD.ASM 166 : Found opcode in column 1. (RETFIE)
Warning[206] D:\FACULDADE\MICRO\LAB07\CRONOMETROLCD.ASM 178 : Found call to macro in column 1. (BANK1)
Message[302] D:\FACULDADE\MICRO\LAB07\CRONOMETROLCD.ASM 180 : Register in operand not in bank 0.  Ensure that bank bits are correct.
Message[302] D:\FACULDADE\MICRO\LAB07\CRONOMETROLCD.ASM 184 : Register in operand not in bank 0.  Ensure that bank bits are correct.
Message[302] D:\FACULDADE\MICRO\LAB07\CRONOMETROLCD.ASM 186 : Register in operand not in bank 0.  Ensure that bank bits are correct.
Message[302] D:\FACULDADE\MICRO\LAB07\CRONOMETROLCD.ASM 188 : Register in operand not in bank 0.  Ensure that bank bits are correct.
Message[302] D:\FACULDADE\MICRO\LAB07\CRONOMETROLCD.ASM 190 : Register in operand not in bank 0.  Ensure that bank bits are correct.
Message[302] D:\FACULDADE\MICRO\LAB07\CRONOMETROLCD.ASM 192 : Register in operand not in bank 0.  Ensure that bank bits are correct.
Message[302] D:\FACULDADE\MICRO\LAB07\CRONOMETROLCD.ASM 194 : Register in operand not in bank 0.  Ensure that bank bits are correct.
Warning[206] D:\FACULDADE\MICRO\LAB07\CRONOMETROLCD.ASM 195 : Found call to macro in column 1. (BANK0)
Message[305] D:\FACULDADE\MICRO\LAB07\CRONOMETROLCD.ASM 340 : Using default destination of 1 (file).
Message[305] D:\FACULDADE\MICRO\LAB07\CRONOMETROLCD.ASM 343 : Using default destination of 1 (file).
Warning[203] D:\FACULDADE\MICRO\LAB07\CRONOMETROLCD.ASM 346 : Found opcode in column 1. (RETURN)
Warning[203] D:\FACULDADE\MICRO\LAB07\CRONOMETROLCD.ASM 356 : Found opcode in column 1. (RETURN)
Warning[203] D:\FACULDADE\MICRO\LAB07\CRONOMETROLCD.ASM 382 : Found opcode in column 1. (GOTO)
Warning[203] D:\FACULDADE\MICRO\LAB07\CRONOMETROLCD.ASM 407 : Found opcode in column 1. (RETURN)
Warning[203] D:\FACULDADE\MICRO\LAB07\CRONOMETROLCD.ASM 415 : Found opcode in column 1. (RETURN)
Warning[203] D:\FACULDADE\MICRO\LAB07\CRONOMETROLCD.ASM 428 : Found opcode in column 1. (RETURN)
Warning[203] D:\FACULDADE\MICRO\LAB07\CRONOMETROLCD.ASM 436 : Found opcode in column 1. (RETURN)
Warning[203] D:\FACULDADE\MICRO\LAB07\CRONOMETROLCD.ASM 478 : Found opcode in column 1. (RETURN)
Warning[203] D:\FACULDADE\MICRO\LAB07\CRONOMETROLCD.ASM 593 : Found opcode in column 1. (RETURN)
