Message[305] C:\USERS\KRAEMER\DESKTOP\EITA\APS.ASM 201 : Using default destination of 1 (file).
Message[305] C:\USERS\KRAEMER\DESKTOP\EITA\APS.ASM 208 : Using default destination of 1 (file).
Message[302] C:\USERS\KRAEMER\DESKTOP\EITA\APS.ASM 228 : Register in operand not in bank 0.  Ensure that bank bits are correct.
Message[302] C:\USERS\KRAEMER\DESKTOP\EITA\APS.ASM 230 : Register in operand not in bank 0.  Ensure that bank bits are correct.
Message[302] C:\USERS\KRAEMER\DESKTOP\EITA\APS.ASM 232 : Register in operand not in bank 0.  Ensure that bank bits are correct.
Message[302] C:\USERS\KRAEMER\DESKTOP\EITA\APS.ASM 234 : Register in operand not in bank 0.  Ensure that bank bits are correct.
Message[302] C:\USERS\KRAEMER\DESKTOP\EITA\APS.ASM 236 : Register in operand not in bank 0.  Ensure that bank bits are correct.
Message[302] C:\USERS\KRAEMER\DESKTOP\EITA\APS.ASM 239 : Register in operand not in bank 0.  Ensure that bank bits are correct.
Message[302] C:\USERS\KRAEMER\DESKTOP\EITA\APS.ASM 246 : Register in operand not in bank 0.  Ensure that bank bits are correct.
Message[302] C:\USERS\KRAEMER\DESKTOP\EITA\APS.ASM 248 : Register in operand not in bank 0.  Ensure that bank bits are correct.
Message[302] C:\USERS\KRAEMER\DESKTOP\EITA\APS.ASM 250 : Register in operand not in bank 0.  Ensure that bank bits are correct.
Message[302] C:\USERS\KRAEMER\DESKTOP\EITA\APS.ASM 259 : Register in operand not in bank 0.  Ensure that bank bits are correct.
Message[302] C:\USERS\KRAEMER\DESKTOP\EITA\APS.ASM 279 : Register in operand not in bank 0.  Ensure that bank bits are correct.
Warning[207] C:\USERS\KRAEMER\DESKTOP\EITA\APS.ASM 347 : Found label after column 1. (ESTADO1)
Warning[207] C:\USERS\KRAEMER\DESKTOP\EITA\APS.ASM 350 : Found label after column 1. (ESTADO2)
Warning[207] C:\USERS\KRAEMER\DESKTOP\EITA\APS.ASM 353 : Found label after column 1. (ESTADO3)
Warning[207] C:\USERS\KRAEMER\DESKTOP\EITA\APS.ASM 358 : Found label after column 1. (ESTADO4)
Warning[207] C:\USERS\KRAEMER\DESKTOP\EITA\APS.ASM 361 : Found label after column 1. (ESTADO5)
Warning[207] C:\USERS\KRAEMER\DESKTOP\EITA\APS.ASM 370 : Found label after column 1. (ESTADO6)
Message[302] C:\USERS\KRAEMER\DESKTOP\EITA\LM35.INC 90 : Register in operand not in bank 0.  Ensure that bank bits are correct.
Message[305] C:\USERS\KRAEMER\DESKTOP\EITA\DISPLAY.INC 121 : Using default destination of 1 (file).
Message[305] C:\USERS\KRAEMER\DESKTOP\EITA\DISPLAY.INC 124 : Using default destination of 1 (file).
Message[305] C:\USERS\KRAEMER\DESKTOP\EITA\DISPLAY.INC 200 : Using default destination of 1 (file).
Message[302] C:\USERS\KRAEMER\DESKTOP\EITA\DISPLAY.INC 223 : Register in operand not in bank 0.  Ensure that bank bits are correct.
Message[302] C:\USERS\KRAEMER\DESKTOP\EITA\DISPLAY.INC 227 : Register in operand not in bank 0.  Ensure that bank bits are correct.
Message[302] C:\USERS\KRAEMER\DESKTOP\EITA\DISPLAY.INC 229 : Register in operand not in bank 0.  Ensure that bank bits are correct.
Message[302] C:\USERS\KRAEMER\DESKTOP\EITA\DISPLAY.INC 230 : Register in operand not in bank 0.  Ensure that bank bits are correct.
Message[302] C:\USERS\KRAEMER\DESKTOP\EITA\DISPLAY.INC 232 : Register in operand not in bank 0.  Ensure that bank bits are correct.
Message[302] C:\USERS\KRAEMER\DESKTOP\EITA\DISPLAY.INC 234 : Register in operand not in bank 0.  Ensure that bank bits are correct.
Message[302] C:\USERS\KRAEMER\DESKTOP\EITA\DISPLAY.INC 235 : Register in operand not in bank 0.  Ensure that bank bits are correct.
Message[302] C:\USERS\KRAEMER\DESKTOP\EITA\DISPLAY.INC 236 : Register in operand not in bank 0.  Ensure that bank bits are correct.
Message[302] C:\USERS\KRAEMER\DESKTOP\EITA\DISPLAY.INC 238 : Register in operand not in bank 0.  Ensure that bank bits are correct.
Warning[207] C:\USERS\KRAEMER\DESKTOP\EITA\POT.INC 39 : Found label after column 1. (TECLA_0)
Warning[207] C:\USERS\KRAEMER\DESKTOP\EITA\POT.INC 48 : Found label after column 1. (TECLA_1)
Warning[207] C:\USERS\KRAEMER\DESKTOP\EITA\POT.INC 57 : Found label after column 1. (TECLA_2)
Warning[207] C:\USERS\KRAEMER\DESKTOP\EITA\POT.INC 66 : Found label after column 1. (TECLA_3)
Message[305] C:\USERS\KRAEMER\DESKTOP\EITA\MEMORIASDEC.INC 62 : Using default destination of 1 (file).
Message[305] C:\USERS\KRAEMER\DESKTOP\EITA\MEMORIASDEC.INC 70 : Using default destination of 1 (file).
Message[305] C:\USERS\KRAEMER\DESKTOP\EITA\MEMORIASDEC.INC 78 : Using default destination of 1 (file).
Message[305] C:\USERS\KRAEMER\DESKTOP\EITA\MEMORIASDEC.INC 81 : Using default destination of 1 (file).
Message[302] C:\USERS\KRAEMER\DESKTOP\EITA\MEMORIASDEC.INC 100 : Register in operand not in bank 0.  Ensure that bank bits are correct.
Message[302] C:\USERS\KRAEMER\DESKTOP\EITA\MEMORIASDEC.INC 104 : Register in operand not in bank 0.  Ensure that bank bits are correct.
Message[302] C:\USERS\KRAEMER\DESKTOP\EITA\MEMORIASDEC.INC 106 : Register in operand not in bank 0.  Ensure that bank bits are correct.
Message[302] C:\USERS\KRAEMER\DESKTOP\EITA\MEMORIASDEC.INC 107 : Register in operand not in bank 0.  Ensure that bank bits are correct.
Message[302] C:\USERS\KRAEMER\DESKTOP\EITA\MEMORIASDEC.INC 109 : Register in operand not in bank 0.  Ensure that bank bits are correct.
Message[302] C:\USERS\KRAEMER\DESKTOP\EITA\MEMORIASDEC.INC 111 : Register in operand not in bank 0.  Ensure that bank bits are correct.
Message[302] C:\USERS\KRAEMER\DESKTOP\EITA\MEMORIASDEC.INC 112 : Register in operand not in bank 0.  Ensure that bank bits are correct.
Message[302] C:\USERS\KRAEMER\DESKTOP\EITA\MEMORIASDEC.INC 113 : Register in operand not in bank 0.  Ensure that bank bits are correct.
Message[302] C:\USERS\KRAEMER\DESKTOP\EITA\MEMORIASDEC.INC 115 : Register in operand not in bank 0.  Ensure that bank bits are correct.
Message[302] C:\USERS\KRAEMER\DESKTOP\EITA\MEMORIASDEC.INC 136 : Register in operand not in bank 0.  Ensure that bank bits are correct.
Message[302] C:\USERS\KRAEMER\DESKTOP\EITA\MEMORIASDEC.INC 138 : Register in operand not in bank 0.  Ensure that bank bits are correct.
Message[302] C:\USERS\KRAEMER\DESKTOP\EITA\MEMORIASDEC.INC 139 : Register in operand not in bank 0.  Ensure that bank bits are correct.
Message[302] C:\USERS\KRAEMER\DESKTOP\EITA\MEMORIASDEC.INC 141 : Register in operand not in bank 0.  Ensure that bank bits are correct.
Message[305] C:\USERS\KRAEMER\DESKTOP\EITA\MATH.INC 93 : Using default destination of 1 (file).
Message[302] C:\USERS\KRAEMER\DESKTOP\EITA\TERMINAL.INC 42 : Register in operand not in bank 0.  Ensure that bank bits are correct.
Message[302] C:\USERS\KRAEMER\DESKTOP\EITA\TERMINAL.INC 54 : Register in operand not in bank 0.  Ensure that bank bits are correct.
Message[302] C:\USERS\KRAEMER\DESKTOP\EITA\TERMINAL.INC 66 : Register in operand not in bank 0.  Ensure that bank bits are correct.
Message[302] C:\USERS\KRAEMER\DESKTOP\EITA\TERMINAL.INC 78 : Register in operand not in bank 0.  Ensure that bank bits are correct.
Message[302] C:\USERS\KRAEMER\DESKTOP\EITA\TERMINAL.INC 90 : Register in operand not in bank 0.  Ensure that bank bits are correct.
Message[302] C:\USERS\KRAEMER\DESKTOP\EITA\TERMINAL.INC 102 : Register in operand not in bank 0.  Ensure that bank bits are correct.
Message[302] C:\USERS\KRAEMER\DESKTOP\EITA\TERMINAL.INC 114 : Register in operand not in bank 0.  Ensure that bank bits are correct.
Warning[203] C:\USERS\KRAEMER\DESKTOP\EITA\TERMINAL.INC 121 : Found opcode in column 1. (RETURN)
Message[302] C:\USERS\KRAEMER\DESKTOP\EITA\USER.INC 75 : Register in operand not in bank 0.  Ensure that bank bits are correct.
Message[302] C:\USERS\KRAEMER\DESKTOP\EITA\USER.INC 77 : Register in operand not in bank 0.  Ensure that bank bits are correct.
Message[302] C:\USERS\KRAEMER\DESKTOP\EITA\USER.INC 78 : Register in operand not in bank 0.  Ensure that bank bits are correct.
Message[302] C:\USERS\KRAEMER\DESKTOP\EITA\USER.INC 80 : Register in operand not in bank 0.  Ensure that bank bits are correct.
Message[302] C:\USERS\KRAEMER\DESKTOP\EITA\USER.INC 86 : Register in operand not in bank 0.  Ensure that bank bits are correct.
Message[302] C:\USERS\KRAEMER\DESKTOP\EITA\USER.INC 88 : Register in operand not in bank 0.  Ensure that bank bits are correct.
Message[305] C:\USERS\KRAEMER\DESKTOP\EITA\USER.INC 95 : Using default destination of 1 (file).
Message[302] C:\USERS\KRAEMER\DESKTOP\EITA\USER.INC 98 : Register in operand not in bank 0.  Ensure that bank bits are correct.
Message[302] C:\USERS\KRAEMER\DESKTOP\EITA\USER.INC 100 : Register in operand not in bank 0.  Ensure that bank bits are correct.
Message[302] C:\USERS\KRAEMER\DESKTOP\EITA\USER.INC 101 : Register in operand not in bank 0.  Ensure that bank bits are correct.
Message[302] C:\USERS\KRAEMER\DESKTOP\EITA\USER.INC 103 : Register in operand not in bank 0.  Ensure that bank bits are correct.
Message[302] C:\USERS\KRAEMER\DESKTOP\EITA\USER.INC 108 : Register in operand not in bank 0.  Ensure that bank bits are correct.
Message[302] C:\USERS\KRAEMER\DESKTOP\EITA\USER.INC 110 : Register in operand not in bank 0.  Ensure that bank bits are correct.
Message[305] C:\USERS\KRAEMER\DESKTOP\EITA\USER.INC 117 : Using default destination of 1 (file).
Message[302] C:\USERS\KRAEMER\DESKTOP\EITA\USER.INC 121 : Register in operand not in bank 0.  Ensure that bank bits are correct.
Message[302] C:\USERS\KRAEMER\DESKTOP\EITA\USER.INC 123 : Register in operand not in bank 0.  Ensure that bank bits are correct.
Message[302] C:\USERS\KRAEMER\DESKTOP\EITA\USER.INC 124 : Register in operand not in bank 0.  Ensure that bank bits are correct.
Message[302] C:\USERS\KRAEMER\DESKTOP\EITA\USER.INC 126 : Register in operand not in bank 0.  Ensure that bank bits are correct.
Message[302] C:\USERS\KRAEMER\DESKTOP\EITA\USER.INC 131 : Register in operand not in bank 0.  Ensure that bank bits are correct.
Message[302] C:\USERS\KRAEMER\DESKTOP\EITA\USER.INC 133 : Register in operand not in bank 0.  Ensure that bank bits are correct.
Message[302] C:\USERS\KRAEMER\DESKTOP\EITA\USER.INC 139 : Register in operand not in bank 0.  Ensure that bank bits are correct.
Message[302] C:\USERS\KRAEMER\DESKTOP\EITA\USER.INC 141 : Register in operand not in bank 0.  Ensure that bank bits are correct.
Message[305] C:\USERS\KRAEMER\DESKTOP\EITA\USER.INC 148 : Using default destination of 1 (file).
Message[302] C:\USERS\KRAEMER\DESKTOP\EITA\USER.INC 151 : Register in operand not in bank 0.  Ensure that bank bits are correct.
Message[302] C:\USERS\KRAEMER\DESKTOP\EITA\USER.INC 153 : Register in operand not in bank 0.  Ensure that bank bits are correct.
Message[302] C:\USERS\KRAEMER\DESKTOP\EITA\USER.INC 154 : Register in operand not in bank 0.  Ensure that bank bits are correct.
Message[302] C:\USERS\KRAEMER\DESKTOP\EITA\USER.INC 156 : Register in operand not in bank 0.  Ensure that bank bits are correct.
Message[302] C:\USERS\KRAEMER\DESKTOP\EITA\USER.INC 161 : Register in operand not in bank 0.  Ensure that bank bits are correct.
Message[302] C:\USERS\KRAEMER\DESKTOP\EITA\USER.INC 163 : Register in operand not in bank 0.  Ensure that bank bits are correct.
Message[302] C:\USERS\KRAEMER\DESKTOP\EITA\USER.INC 173 : Register in operand not in bank 0.  Ensure that bank bits are correct.
Message[302] C:\USERS\KRAEMER\DESKTOP\EITA\USER.INC 175 : Register in operand not in bank 0.  Ensure that bank bits are correct.
Warning[203] C:\USERS\KRAEMER\DESKTOP\EITA\USER.INC 183 : Found opcode in column 1. (RETURN)
