MPASM  5.51                           LED.ASM   5-6-2016  15:55:46         PAGE  1


LOC  OBJECT CODE     LINE SOURCE TEXT
  VALUE

                      00001 ; * * * * * * * * * * * * * * * * * * * * * * * * * * * * * * * * * * * * * *
                      00002 ; *                   CÓDIGO FONTE P/ DATAPOLL PIC-2377                     *
                      00003 ; * * * * * * * * * * * * * * * * * * * * * * * * * * * * * * * * * * * * * *
                      00004 ; Projeto: Teclado e Display 7 Segmentos
                      00005 ; Aluno: Matheus Milani de Assunção     
                      00006 ; Data: 07/04/2016
                      00007 
                      00008 ; * * * * * * * * * * * * * * * * * * * * * * * * * * * * * * * * * * * * * *
                      00009 ; *                             DESCRIÇÃO GERAL                             *
                      00010 ; * * * * * * * * * * * * * * * * * * * * * * * * * * * * * * * * * * * * * *
                      00011 ; Ao pressionar as teclas 0 a F (borda de descida do I/O), o valor 
                      00012 ; correspondente a tecla deve ser escrito no display 7 segmentos.
                      00013 
                      00014 ; * * * * * * * * * * * * * * * * * * * * * * * * * * * * * * * * * * * * * *
                      00015 ; *                      CONFIGURAÇÃO DOS JUMPERS DE PLACA                  *
                      00016 ; * * * * * * * * * * * * * * * * * * * * * * * * * * * * * * * * * * * * * *
                      00017 ; Habilitar o dip switch CH3,1-4 (posição ON para cima);
                      00018 ; Habilitar todos os dips de CH4 (posição ON para cima);
                      00019 ; Habilitar o dip CH5,1-4 (posição ON para cima);
                      00020 ; Habilitar o dip CH6,1-4 (posição ON para cima);
                      00021 ; Desabilitar as demais chaves DIP;
                      00022 ; Manter o jumper J3 na posição B e J4 na posição A;
                      00023 ; L1 – RC0; L2 – RC1; C1 – RB0; C2 – RB1...
                      00024 ; RE0 habilita o display 7 segmentos.
                      00025 
                      00026 ; * * * * * * * * * * * * * * * * * * * * * * * * * * * * * * * * * * * * * *
                      00027 ; *                         CONFIGURAÇÕES PARA GRAVAÇÃO                     *
                      00028 ; * * * * * * * * * * * * * * * * * * * * * * * * * * * * * * * * * * * * * *
2007   3739           00029  __CONFIG _WDT_OFF & _XT_OSC & _LVP_OFF & _DEBUG_ON & _BODEN_OFF
                      00030 
                      00031 ;_CP_OFF        ==> MEMÓRIA DE PROGRAMA DESPROTEGIDA CONTRA LEITURA.
                      00032 ;_WRT_OFF       ==> SEM PERMISSÃO PARA ESCREVER NA MEMÓRIA DE PROGRAMA
                      00033 ;                               DURANTE EXECUÇÃO DO PROGRAMA.
                      00034 ;_DEBUG_ON      ==> DEBUG ATIVADO.
                      00035 ;_CPD_OFF       ==> MEMÓRIA EEPROM PROTEGIDA CONTRA LEITURA.
                      00036 ;_LVP_OFF       ==> PROGRAMAÇÃO EM BAIXA TENSÃO DESABILITADA.
                      00037 ;_WDT_OFF       ==> WDT DESATIVADO.
                      00038 ;_BODEN_OFF     ==> BROWN-OUT DESATIVADO. 
                      00039 ;_PWRTE_ON      ==> POWER-ON RESET ATIVADO.
                      00040 ;_XT_OSC        ==> OSCILADOR CRISTAL (4MHz).
                      00041 
                      00042 ; * * * * * * * * * * * * * * * * * * * * * * * * * * * * * * * * * * * * * *
                      00043 ;*                           ARQUIVOS DE DEFINIÇÕES                         *
                      00044 ; * * * * * * * * * * * * * * * * * * * * * * * * * * * * * * * * * * * * * *
                      00045 #INCLUDE <P16F877.INC>          ;ARQUIVO PADRÃO MICROCHIP PARA 16F877
                      00001         LIST
                      00002 
                      00003 ;==========================================================================
                      00004 ;  MPASM PIC16F877 processor include
                      00005 ; 
                      00006 ;  (c) Copyright 1999-2013 Microchip Technology, All rights reserved
                      00007 ;==========================================================================
                      00008 
MPASM  5.51                           LED.ASM   5-6-2016  15:55:46         PAGE  2


LOC  OBJECT CODE     LINE SOURCE TEXT
  VALUE

                      00540         LIST
                      00046 
                      00047 ; * * * * * * * * * * * * * * * * * * * * * * * * * * * * * * * * * * * * * *
                      00048 ; *                         DEFINIÇÃO DAS CONSTANTES                        *
                      00049 ; * * * * * * * * * * * * * * * * * * * * * * * * * * * * * * * * * * * * * *
  000000FA            00050 T1      EQU             .250
  0000001E            00051 VEZES   EQU     D'30'
                      00052 ; * * * * * * * * * * * * * * * * * * * * * * * * * * * * * * * * * * * * * *
                      00053 ; *                                     MACROS                              *
                      00054 ; * * * * * * * * * * * * * * * * * * * * * * * * * * * * * * * * * * * * * *
                      00055 
                      00056 ; * * * * * * * * * * * * * * * * * * * * * * * * * * * * * * * * * * * * * *
                      00057 ; *                            DEFINIÇÃO DAS VARIÁVEIS                      *
                      00058 ; * * * * * * * * * * * * * * * * * * * * * * * * * * * * * * * * * * * * * *
                      00059 
                      00060         CBLOCK  0X20                            ; POSIÇÃO INICIAL DA RAM
  00000020            00061                 UAU                             ; VARIÁVEL PARA CONTAR APROX. 1 ms
  00000021            00062                 TEMPO_XMS                       ; PERÍODO PARA COMANDO DO LED
  00000022            00063                 FLAG                            ; AUXILIAR PARA DETECTAR SE BOTÃO ESTÁ LIGADO
  00000023            00064                 LINHA                           ; VARIAVEL QUE RECEBE A LINHA A QUE ESTÁ SENDO USADO    
  00000024            00065                 COLUNA                          ; VARIAVEL QUE RECEBE A COLUNA A QUE ESTÁ SENDO USADO   
  00000025            00066                 CASA                            ; LUGAR ONDE QUERO IMPRIMIR
                      00067         ENDC
                      00068 
                      00069 ; * * * * * * * * * * * * * * * * * * * * * * * * * * * * * * * * * * * * * *
                      00070 ; *                      DEFINIÇÃO DOS BANCOS DA RAM                        *
                      00071 ; * * * * * * * * * * * * * * * * * * * * * * * * * * * * * * * * * * * * * *
                      00072 BANK0   MACRO                                   ;SELECIONA BANK0 DE MEMÓRIA.
                      00073                                 bcf STATUS,RP1
                      00074                                 bcf     STATUS,RP0
                      00075                 ENDM                                    ;FIM DA MACRO BANK0.
                      00076 
                      00077 BANK1   MACRO                                   ;SELECIONA BANK1 DE MEMÓRIA.
                      00078                                 bcf STATUS,RP1
                      00079                                 bsf     STATUS,RP0
                      00080                 ENDM                                    ;FIM DA MACRO BANK1.
                      00081 
                      00082 ; * * * * * * * * * * * * * * * * * * * * * * * * * * * * * * * * * * * * * *
                      00083 ; *                                 FLAG                                    *
                      00084 ; * * * * * * * * * * * * * * * * * * * * * * * * * * * * * * * * * * * * * *
                      00085 #DEFINE FLAG0   FLAG, 0
                      00086 #DEFINE FLAG1   FLAG, 1
                      00087 #DEFINE FLAG2   FLAG, 2
                      00088 #DEFINE FLAG3   FLAG, 3
                      00089 #DEFINE FLAG4   FLAG, 4
                      00090 #DEFINE FLAG5   FLAG, 5
                      00091 #DEFINE FLAG6   FLAG, 6
                      00092 #DEFINE FLAG7   FLAG, 7
                      00093 
                      00094 ; * * * * * * * * * * * * * * * * * * * * * * * * * * * * * * * * * * * * * *
                      00095 ; *                               ENTRADAS                                  *
                      00096 ; * * * * * * * * * * * * * * * * * * * * * * * * * * * * * * * * * * * * * *
                      00097 #DEFINE COL0    PORTB, 0
MPASM  5.51                           LED.ASM   5-6-2016  15:55:46         PAGE  3


LOC  OBJECT CODE     LINE SOURCE TEXT
  VALUE

                      00098 #DEFINE COL1    PORTB, 1
                      00099 #DEFINE COL2    PORTB, 2
                      00100 #DEFINE COL3    PORTB, 3
                      00101 
                      00102 ; * * * * * * * * * * * * * * * * * * * * * * * * * * * * * * * * * * * * * *
                      00103 ; *                                SAÍDAS                                   *
                      00104 ; * * * * * * * * * * * * * * * * * * * * * * * * * * * * * * * * * * * * * *
                      00105 #DEFINE LIN0    PORTC, 0
                      00106 #DEFINE LIN1    PORTC, 1
                      00107 #DEFINE LIN2    PORTC, 2
                      00108 #DEFINE LIN3    PORTC, 3
                      00109 #DEFINE LIN4    PORTC, 4
                      00110 ; * * * * * * * * * * * * * * * * * * * * * * * * * * * * * * * * * * * * * *
                      00111 ; *                   VETOR DE RESET DO MICROCONTROLADOR                    *
                      00112 ; * * * * * * * * * * * * * * * * * * * * * * * * * * * * * * * * * * * * * *
                      00113         ORG     0x00                    ;ENDEREÇO INICIAL DE PROCESSAMENTO.
0000   2???           00114         goto    Inicio
                      00115 
                      00116 ; * * * * * * * * * * * * * * * * * * * * * * * * * * * * * * * * * * * * * *
                      00117 ; *               VETOR DE INTERRUPÇÃO DO MICROCONTROLADOR                  *
                      00118 ; * * * * * * * * * * * * * * * * * * * * * * * * * * * * * * * * * * * * * *
                      00119 
                      00120         ORG     0x04                    ;ENDEREÇO INICIAL DA INTERRUPÇÃO.
                      00121 
0004                  00122 Interrupcao:                    ;FUNÇÃO PARA TRATAMENTO DA INTERRUPÇÃO
                      00123 
0004   0009           00124         retfie
                      00125         
                      00126         
                      00127 ; * * * * * * * * * * * * * * * * * * * * * * * * * * * * * * * * * * * * * *
                      00128 ; *              CONFIGURAÇÕES INICIAIS DE HARDWARE E SOFTWARE              *
                      00129 ; * * * * * * * * * * * * * * * * * * * * * * * * * * * * * * * * * * * * * *
                      00130 ; Nesta rotina são inicializadas as portas de I/O do microcontrolador, os
                      00131 ; periféricos que serão usados e as configurações dos registradores 
                      00132 ; especiais (SFR). 
                      00133 
0005                  00134 Inicio:
                      00135         BANK1                                   ; ALTERA PARA O BANCO 1.
0005   1303               M                                 bcf STATUS,RP1
0006   1683               M                                 bsf     STATUS,RP0
0007   3000           00136         MOVLW   B'00000000'             ; DEFINE AS PORTAS 0 A 7 COMO SAIDA
Message[302]: Register in operand not in bank 0.  Ensure that bank bits are correct.
0008   0087           00137         MOVWF   TRISC
0009   30FF           00138         MOVLW   B'11111111'             ; DEFINE AS PORTAS 0 A 7 COMO ENTRADA
Message[302]: Register in operand not in bank 0.  Ensure that bank bits are correct.
000A   0086           00139         MOVWF   TRISB
000B   3000           00140         MOVLW   B'00000000'             ; DEFINE AS PORTAS 0 A 7 COMO SAIDA
Message[302]: Register in operand not in bank 0.  Ensure that bank bits are correct.
000C   0088           00141         MOVWF   TRISD
                      00142         BANK0                                   ; RETORNA PARA O BANCO 0.
000D   1303               M                                 bcf STATUS,RP1
000E   1283               M                                 bcf     STATUS,RP0
000F   30FF           00143         MOVLW   H'FF'
MPASM  5.51                           LED.ASM   5-6-2016  15:55:46         PAGE  4


LOC  OBJECT CODE     LINE SOURCE TEXT
  VALUE

0010   0088           00144         MOVWF   PORTD                   ; ALTA TODAS AS SAÍDAS
0011   30FE           00145         MOVLW   B'11111110'             
0012   0087           00146         MOVWF   PORTC                   ; ALTERNADA NAS SAIDAS DE C
0013   3000           00147         MOVLW   H'00'
0014   00A2           00148         MOVWF   FLAG                    ; DEFININDO BAIXO PARA TODA A FLAG
0015   3000           00149         MOVLW   H'00'
0016   00A4           00150         MOVWF   COLUNA                  ; INICIALIZANDO COM 0 PARA TODA A VARIAVEL COLUNA
0017   3000           00151         MOVLW   H'00'
0018   00A3           00152         MOVWF   LINHA                   ; INICIALIZANDO COM 0 PARA TODA A VARIAVEL LINHA
0019   3000           00153         MOVLW   H'00'
001A   00A5           00154         MOVWF   CASA                    ; INICIALIZANDO COM 0 PARA TODA A VARIAVEL CASA
                      00155 
                      00156 ;* * * * * * * * * * * * * * * * * * * * * * * * * * * * * * * * * *
                      00157 ;*                      INICIALIZAÇÃO DA RAM                       *
                      00158 ;* * * * * * * * * * * * * * * * * * * * * * * * * * * * * * * * * *
                      00159 ;  LIMPA DE TODA A RAM DO BANC0 0, INDO DE 0X20 A 0X7F.
001B   3020           00160         movlw   0x20
001C   0084           00161         movwf   FSR                             ; APONTA O ENDEREÇAMENTO INDIRETO PARA
                      00162                                                         ; A PRIMEIRA POSIÇÃO DA RAM.
001D                  00163 LIMPA_RAM
001D   0180           00164         clrf    INDF                    ; LIMPA A POSIÇÃO ATUAL.
001E   0A84           00165         incf    FSR,F                   ; INCREMENTA PONTEIRO P/ A PRÓX. POS.
001F   0804           00166         movf    FSR,W
0020   3A80           00167         xorlw   0x80                    ; COMPARA PONTEIRO COM A ÚLT. POS. +1.
0021   1D03           00168         btfss   STATUS,Z                ; JÁ LIMPOU TODAS AS POSIÇÕES?
0022   2???           00169         goto    LIMPA_RAM               ; NÃO, LIMPA A PRÓXIMA POSIÇÃO.
                      00170                                         ; SIM, CONTINUA O PROGRAMA.
                      00171 
                      00172 ; * * * * * * * * * * * * * * * * * * * * * * * * * * * * * * * * * * * * * *
                      00173 ; *                             ROTINA PRINCIPAL                                *
                      00174 ; * * * * * * * * * * * * * * * * * * * * * * * * * * * * * * * * * * * * * *
0023                  00175 MAIN
                      00176 
                      00177 ; * * * * * *INICIALIZA OS VALORES DAS CONSTANTES
0023   30FA           00178         MOVLW   T1                              ; INCICIALIZA TODO INICIO DE CODIGO AS VARIAVEIS 
0024   00A1           00179         MOVWF   TEMPO_XMS                       ; TEMPO_XMS E A VARIAVEL UAU
0025   301E           00180         MOVLW   VEZES
0026   00A0           00181         MOVWF   UAU     
                      00182 
                      00183 ; * * * * * *ALTERNA OS VALORES DE LINHA
0027   1403           00184         BSF STATUS, 0                           ; LIMPA O CARRY PARA FAZER A ROTAÇÃO
0028   0D87           00185         RLF     PORTC, 1                        ; ALTERNA OS VALORES DAS LINHAS 3X1 E 1X0
0029   0AA3           00186         INCF    LINHA, 1                        ; COLOCA NA VARIAVEL LINHA QUAL O LINHA ESTÁ SENDO TRABA
                            LHADO
002A   1E07           00187         BTFSS   LIN4                            ; VERIFICA SE O 0 ROTACIONOU POR TODAS AS SAIDAS DA PORT
                            C
002B   2???           00188                 CALL    VALOR_INICIAL           ; DEFINE UM VALOR INICIAL PARA A PORTC E PARA A VARIAVEL
                             LINHA
                      00189 ; * * * * * *TESTA PARA VER SE ALGUMA COLUNA FOI PRESSIONADA
002C   1806           00190         BTFSC   COL0                            ;-------
002D   2???           00191                 GOTO $ + 7                      ; DEBOUNCE
002E   2???           00192         CALL ENROLAÇAO                          ;-------
002F   1806           00193         BTFSC   COL0                            ; VE SE A COLUNA ESTÁ COM NIVEL 0
MPASM  5.51                           LED.ASM   5-6-2016  15:55:46         PAGE  5


LOC  OBJECT CODE     LINE SOURCE TEXT
  VALUE

0030   2???           00194                 GOTO $ + 4
0031   1422           00195         BSF FLAG0                               ; ATRIBUI VALOR PARA A FLAG, SE 1 O BOTÃO ESTÁ PRESSIONA
                            DO 
0032   3000           00196         MOVLW   D'0'                            ; ATRIBUI VALOR 0 PARA A VARIAVEL COLUNA
0033   2???           00197         GOTO FIM
                      00198 
0034   1886           00199         BTFSC   COL1
0035   2???           00200                 GOTO $ + 7
0036   2???           00201         CALL ENROLAÇAO
0037   1886           00202         BTFSC   COL1
0038   2???           00203                 GOTO $ + 4
0039   1422           00204         BSF FLAG0
003A   3001           00205         MOVLW   D'1'
003B   2???           00206         GOTO FIM        
                      00207 
003C   1906           00208         BTFSC   COL2
003D   2???           00209                 GOTO $ + 7
003E   2???           00210         CALL ENROLAÇAO
003F   1906           00211         BTFSC   COL2
0040   2???           00212                 GOTO $ + 4
0041   1422           00213         BSF FLAG0
0042   3002           00214         MOVLW   D'2'
0043   2???           00215         GOTO FIM
                      00216 
0044   1986           00217         BTFSC   COL3
0045   2???           00218                 GOTO $ + 7
0046   2???           00219         CALL ENROLAÇAO
0047   1986           00220         BTFSC   COL3
0048   2???           00221                 GOTO $ + 4
0049   1422           00222         BSF FLAG0
004A   3003           00223         MOVLW   D'3'
004B   2???           00224         GOTO FIM                
004C                  00225 FIM:
004C   00A4           00226         MOVWF   COLUNA
004D   1C22           00227         BTFSS   FLAG0                           ; TESTA SE O BOTÃO FOI PRESSIONADO
004E   2???           00228                 GOTO    MAIN
                      00229 ; * * * * *FORMULA PARA LEITURA DO TECLADO
004F   0823           00230         MOVF    LINHA, 0                        ; MOVE O VALOR DE LINHA PARA WORK
0050   00A5           00231         MOVWF   CASA                            ; FAZ COM QUE CASA RECEBA LINHA
0051   1003           00232         BCF     STATUS, 0                       ; LIMPA A CARRY
0052   0DA5           00233         RLF     CASA, 1                         ; ROTACIONA O VALOR DA CASA (CASAX2)
0053   1003           00234         BCF     STATUS, 0                       
0054   0DA5           00235         RLF     CASA, 1                         ; ROTACIONA O VALOR DA CASA (CASAX2)
0055   0824           00236         MOVF    COLUNA, 0                       ; MOVE COLUNA PARA WORK
0056   07A5           00237         ADDWF   CASA, 1                         ; SOMA CASAX4 COM COLUNA
                      00238 ; * * * * *CHAMA A TABELA PARA VER QUAL LED ACENDER
0057   2???           00239         CALL    TABELA                          
0058   1022           00240         BCF     FLAG0                           ; FALA QUE JÁ ENTROU UMA VEZ NESSA FUNÇÃO, ENTÃO O BOTÃO
                             FOI SOLTO
0059   0088           00241         MOVWF   PORTD                           ; ATRIBUI O QUE FOI RETORNADO DE TABELA PARA A PORTD
Warning[203]: Found opcode in column 1. (GOTO)
005A   2???           00242 GOTO    MAIN
                      00243 
MPASM  5.51                           LED.ASM   5-6-2016  15:55:46         PAGE  6


LOC  OBJECT CODE     LINE SOURCE TEXT
  VALUE

                      00244 ; * * * * * * * * * * * * * * * * * * * * * * * * * * * * * * * * * * * * * *
005B                  00245 TABELA:
005B   300F           00246         MOVLW   B'00001111'                     ; MASCARA PARA QUE O VALOR NÃO PASSE DE 16
005C   0525           00247         ANDWF   CASA, W                         ; PARA ISSO UTILIZA-SE AND
005D   0782           00248         ADDWF PCL, 1                            ; ADICIONA O VALOR DA CASA AO PCL, QUE PULA PARA QUAL RE
                            TORNO DESEJA
                      00249 ;               RETLW   B'11111111'
005E   3403           00250                 RETLW   B'00000011'             ; 0 - RETORNA OS VALORES PARA ACIONAR OS LED's    
005F   349F           00251                 RETLW   B'10011111'             ; 1
0060   3425           00252                 RETLW   B'00100101'             ; 2
0061   340D           00253                 RETLW   B'00001101'             ; 3
0062   3499           00254                 RETLW   B'10011001'             ; 4
0063   3449           00255                 RETLW   B'01001001'             ; 5
0064   3441           00256                 RETLW   B'01000001'             ; 6
0065   341F           00257                 RETLW   B'00011111'             ; 7
0066   3401           00258                 RETLW   B'00000001'             ; 8
0067   3419           00259                 RETLW   B'00011001'             ; 9
0068   3411           00260                 RETLW   B'00010001'             ; A
0069   34C1           00261                 RETLW   B'11000001'             ; b
006A   3463           00262                 RETLW   B'01100011'             ; C
006B   3485           00263                 RETLW   B'10000101'             ; d
006C   3461           00264                 RETLW   B'01100001'             ; E
006D   3471           00265                 RETLW   B'01110001'             ; F
Warning[203]: Found opcode in column 1. (RETURN)
006E   0008           00266 RETURN
                      00267 ; * * * * * * * * * * * * * * * * * * * * * * * * * * * * * * * * * * * * * *
                      00268 
006F   30FA           00269         movlw   T1                              ; INCICIALIZA TODO INICIO DE CODIGO AS VARIAVEIS 
0070   00A1           00270         movwf   TEMPO_XMS               ; TEMPO_XMS E A VARIAVEL UAU
0071   301E           00271         movlw   VEZES
0072   00A0           00272         movwf   UAU     
                      00273 
                      00274                                                 ; VERIFICA SE ALGUM BOTÃO FOI APERTADO
                      00275 ; * * * * * * * * * * * * * * * * * * * * * * * * * * * * * * * * * * * * * *
                      00276 ; *                    ROTINA DE DELAY (DE 1ms ATÉ 255ms)                           *
                      00277 ; * * * * * * * * * * * * * * * * * * * * * * * * * * * * * * * * * * * * * *
0073                  00278 ENROLAÇAO                                               ; FUNÇÃO DELAY
0073   30FA           00279         movlw   T1                                      ; MOVE A CONST. DE TEMPO "250" PARA WORK
0074   00A1           00280         movwf   TEMPO_XMS                               ; MOVE O CONTEUDO DE WORK PARA A VARIAVEL TEMPO_
                            XMS
0075                  00281 AUX
0075   0000           00282         NOP                                             ; REPETE-SE 10x NOP PARA DAR 10 CICLOS DE MAQUIN
                            A
0076   0000           00283         NOP
0077   0000           00284         NOP
0078   0000           00285         NOP
0079   0000           00286         NOP
007A   0000           00287         NOP
007B   0000           00288         NOP
007C   0000           00289         NOP
007D   0000           00290         NOP
007E   0000           00291         NOP
007F   0BA1           00292         DECFSZ  TEMPO_XMS,F                     ; DIMINUI TEMPO_XMS ATÉ QUE SEJA 0
MPASM  5.51                           LED.ASM   5-6-2016  15:55:46         PAGE  7


LOC  OBJECT CODE     LINE SOURCE TEXT
  VALUE

0080   2???           00293                 GOTO    AUX
0081   0BA0           00294         DECFSZ  UAU,F                           ; DECREMENTA UAU ATÉ QUE SEJA 0
0082   2???           00295                 GOTO    ENROLAÇAO
0083   301E           00296         MOVLW   VEZES
0084   00A0           00297         MOVWF   UAU
0085   0008           00298         RETURN
                      00299 
                      00300 ; * * * * * * * * * * * * * * * * * * * * * * * * * * * * * * * * * * * * * *
                      00301 ; *                    VALOR INICIAL DA LINHA                                               *
                      00302 ; * * * * * * * * * * * * * * * * * * * * * * * * * * * * * * * * * * * * * *
0086                  00303 VALOR_INICIAL
0086   30FE           00304         MOVLW   B'11111110'
0087   0087           00305         MOVWF   PORTC                           ; PARA QUE O 0 RETORNE NA POSIÇÃO INICIAL
0088   3000           00306         MOVLW   H'00'
0089   00A3           00307         MOVWF   LINHA                           ; LOGO ZERA-SE O VALOR DA LINHA
Warning[203]: Found opcode in column 1. (RETURN)
008A   0008           00308 RETURN
                      00309 
                      00310 ; * * * * * * * * * * * * * * * * * * * * * * * * * * * * * * * * * * * * * *
                      00311 ; *                             FIM DO PROGRAMA                             *
                      00312 ; *                                                                         *
                      00313 ; * * * * * * * * * * * * * * * * * * * * * * * * * * * * * * * * * * * * * *
3739                  00314         END                             ; FIM DO PROGRAMA
MPASM  5.51                           LED.ASM   5-6-2016  15:55:46         PAGE  8


SYMBOL TABLE
  LABEL                             VALUE 

ACKDT                             00000005
ACKEN                             00000004
ACKSTAT                           00000006
ADCON0                            0000001F
ADCON1                            0000009F
ADCS0                             00000006
ADCS1                             00000007
ADDEN                             00000003
ADFM                              00000007
ADIE                              00000006
ADIF                              00000006
ADON                              00000000
ADRESH                            0000001E
ADRESL                            0000009E
AUX                               00000075
BANK0                             
BANK1                             
BCLIE                             00000003
BCLIF                             00000003
BF                                00000000
BRGH                              00000002
C                                 00000000
CASA                              00000025
CCP1CON                           00000017
CCP1IE                            00000002
CCP1IF                            00000002
CCP1M0                            00000000
CCP1M1                            00000001
CCP1M2                            00000002
CCP1M3                            00000003
CCP1X                             00000005
CCP1Y                             00000004
CCP2CON                           0000001D
CCP2IE                            00000000
CCP2IF                            00000000
CCP2M0                            00000000
CCP2M1                            00000001
CCP2M2                            00000002
CCP2M3                            00000003
CCP2X                             00000005
CCP2Y                             00000004
CCPR1                             00000015
CCPR1H                            00000016
CCPR1L                            00000015
CCPR2                             0000001B
CCPR2H                            0000001C
CCPR2L                            0000001B
CHS0                              00000003
CHS1                              00000004
CHS2                              00000005
CKE                               00000006
CKP                               00000004
COL0                              PORTB, 0
MPASM  5.51                           LED.ASM   5-6-2016  15:55:46         PAGE  9


SYMBOL TABLE
  LABEL                             VALUE 

COL1                              PORTB, 1
COL2                              PORTB, 2
COL3                              PORTB, 3
COLUNA                            00000024
CREN                              00000004
CSRC                              00000007
D                                 00000005
DATA_ADDRESS                      00000005
DC                                00000001
D_A                               00000005
D_NOT_A                           00000005
EEADR                             0000010D
EEADRH                            0000010F
EECON1                            0000018C
EECON2                            0000018D
EEDATA                            0000010C
EEDATH                            0000010E
EEIE                              00000004
EEIF                              00000004
EEPGD                             00000007
ENROLAÇAO                         00000073
F                                 00000001
FERR                              00000002
FIM                               0000004C
FLAG                              00000022
FLAG0                             FLAG, 0
FLAG1                             FLAG, 1
FLAG2                             FLAG, 2
FLAG3                             FLAG, 3
FLAG4                             FLAG, 4
FLAG5                             FLAG, 5
FLAG6                             FLAG, 6
FLAG7                             FLAG, 7
FSR                               00000004
GCEN                              00000007
GIE                               00000007
GO                                00000002
GO_DONE                           00000002
GO_NOT_DONE                       00000002
I2C_DATA                          00000005
I2C_READ                          00000002
I2C_START                         00000003
I2C_STOP                          00000004
IBF                               00000007
IBOV                              00000005
INDF                              00000000
INTCON                            0000000B
INTE                              00000004
INTEDG                            00000006
INTF                              00000001
IRP                               00000007
Inicio                            00000005
Interrupcao                       00000004
MPASM  5.51                           LED.ASM   5-6-2016  15:55:46         PAGE 10


SYMBOL TABLE
  LABEL                             VALUE 

LIMPA_RAM                         0000001D
LIN0                              PORTC, 0
LIN1                              PORTC, 1
LIN2                              PORTC, 2
LIN3                              PORTC, 3
LIN4                              PORTC, 4
LINHA                             00000023
MAIN                              00000023
NOT_A                             00000005
NOT_ADDRESS                       00000005
NOT_BO                            00000000
NOT_BOR                           00000000
NOT_DONE                          00000002
NOT_PD                            00000003
NOT_POR                           00000001
NOT_RBPU                          00000007
NOT_RC8                           00000006
NOT_T1SYNC                        00000002
NOT_TO                            00000004
NOT_TX8                           00000006
NOT_W                             00000002
NOT_WRITE                         00000002
OBF                               00000006
OERR                              00000001
OPTION_REG                        00000081
P                                 00000004
PCFG0                             00000000
PCFG1                             00000001
PCFG2                             00000002
PCFG3                             00000003
PCL                               00000002
PCLATH                            0000000A
PCON                              0000008E
PEIE                              00000006
PEN                               00000002
PIE1                              0000008C
PIE2                              0000008D
PIR1                              0000000C
PIR2                              0000000D
PORTA                             00000005
PORTB                             00000006
PORTC                             00000007
PORTD                             00000008
PORTE                             00000009
PR2                               00000092
PS0                               00000000
PS1                               00000001
PS2                               00000002
PSA                               00000003
PSPIE                             00000007
PSPIF                             00000007
PSPMODE                           00000004
R                                 00000002
MPASM  5.51                           LED.ASM   5-6-2016  15:55:46         PAGE 11


SYMBOL TABLE
  LABEL                             VALUE 

RA0                               00000000
RA1                               00000001
RA2                               00000002
RA3                               00000003
RA4                               00000004
RA5                               00000005
RB0                               00000000
RB1                               00000001
RB2                               00000002
RB3                               00000003
RB4                               00000004
RB5                               00000005
RB6                               00000006
RB7                               00000007
RBIE                              00000003
RBIF                              00000000
RC0                               00000000
RC1                               00000001
RC2                               00000002
RC3                               00000003
RC4                               00000004
RC5                               00000005
RC6                               00000006
RC7                               00000007
RC8_9                             00000006
RC9                               00000006
RCD8                              00000000
RCEN                              00000003
RCIE                              00000005
RCIF                              00000005
RCREG                             0000001A
RCSTA                             00000018
RD                                00000000
RD0                               00000000
RD1                               00000001
RD2                               00000002
RD3                               00000003
RD4                               00000004
RD5                               00000005
RD6                               00000006
RD7                               00000007
RE0                               00000000
RE1                               00000001
RE2                               00000002
READ_WRITE                        00000002
RP0                               00000005
RP1                               00000006
RSEN                              00000001
RX9                               00000006
RX9D                              00000000
R_NOT_W                           00000002
R_W                               00000002
S                                 00000003
MPASM  5.51                           LED.ASM   5-6-2016  15:55:46         PAGE 12


SYMBOL TABLE
  LABEL                             VALUE 

SEN                               00000000
SMP                               00000007
SPBRG                             00000099
SPEN                              00000007
SREN                              00000005
SSPADD                            00000093
SSPBUF                            00000013
SSPCON                            00000014
SSPCON2                           00000091
SSPEN                             00000005
SSPIE                             00000003
SSPIF                             00000003
SSPM0                             00000000
SSPM1                             00000001
SSPM2                             00000002
SSPM3                             00000003
SSPOV                             00000006
SSPSTAT                           00000094
STATUS                            00000003
SYNC                              00000004
T0CS                              00000005
T0IE                              00000005
T0IF                              00000002
T0SE                              00000004
T1                                000000FA
T1CKPS0                           00000004
T1CKPS1                           00000005
T1CON                             00000010
T1INSYNC                          00000002
T1OSCEN                           00000003
T1SYNC                            00000002
T2CKPS0                           00000000
T2CKPS1                           00000001
T2CON                             00000012
TABELA                            0000005B
TEMPO_XMS                         00000021
TMR0                              00000001
TMR0IE                            00000005
TMR0IF                            00000002
TMR1                              0000000E
TMR1CS                            00000001
TMR1H                             0000000F
TMR1IE                            00000000
TMR1IF                            00000000
TMR1L                             0000000E
TMR1ON                            00000000
TMR2                              00000011
TMR2IE                            00000001
TMR2IF                            00000001
TMR2ON                            00000002
TOUTPS0                           00000003
TOUTPS1                           00000004
TOUTPS2                           00000005
MPASM  5.51                           LED.ASM   5-6-2016  15:55:46         PAGE 13


SYMBOL TABLE
  LABEL                             VALUE 

TOUTPS3                           00000006
TRISA                             00000085
TRISA0                            00000000
TRISA1                            00000001
TRISA2                            00000002
TRISA3                            00000003
TRISA4                            00000004
TRISA5                            00000005
TRISB                             00000086
TRISB0                            00000000
TRISB1                            00000001
TRISB2                            00000002
TRISB3                            00000003
TRISB4                            00000004
TRISB5                            00000005
TRISB6                            00000006
TRISB7                            00000007
TRISC                             00000087
TRISC0                            00000000
TRISC1                            00000001
TRISC2                            00000002
TRISC3                            00000003
TRISC4                            00000004
TRISC5                            00000005
TRISC6                            00000006
TRISC7                            00000007
TRISD                             00000088
TRISD0                            00000000
TRISD1                            00000001
TRISD2                            00000002
TRISD3                            00000003
TRISD4                            00000004
TRISD5                            00000005
TRISD6                            00000006
TRISD7                            00000007
TRISE                             00000089
TRISE0                            00000000
TRISE1                            00000001
TRISE2                            00000002
TRMT                              00000001
TX8_9                             00000006
TX9                               00000006
TX9D                              00000000
TXD8                              00000000
TXEN                              00000005
TXIE                              00000004
TXIF                              00000004
TXREG                             00000019
TXSTA                             00000098
UA                                00000001
UAU                               00000020
VALOR_INICIAL                     00000086
VEZES                             0000001E
MPASM  5.51                           LED.ASM   5-6-2016  15:55:46         PAGE 14


SYMBOL TABLE
  LABEL                             VALUE 

W                                 00000000
WCOL                              00000007
WR                                00000001
WREN                              00000002
WRERR                             00000003
Z                                 00000002
_.org_1_002D                      0000002D
_.org_1_0030                      00000030
_.org_1_0035                      00000035
_.org_1_0038                      00000038
_.org_1_003D                      0000003D
_.org_1_0040                      00000040
_.org_1_0045                      00000045
_.org_1_0048                      00000048
_BODEN_OFF                        00003FBF
_BODEN_ON                         00003FFF
_BOREN_OFF                        00003FBF
_BOREN_ON                         00003FFF
_CONFIG                           00002007
_CPD_OFF                          00003FFF
_CPD_ON                           00003EFF
_CP_ALL                           00000FCF
_CP_HALF                          00001FDF
_CP_OFF                           00003FFF
_CP_UPPER_256                     00002FEF
_DEBUG_OFF                        00003FFF
_DEBUG_ON                         000037FF
_DEVID1                           00002006
_FOSC_EXTRC                       00003FFF
_FOSC_HS                          00003FFE
_FOSC_LP                          00003FFC
_FOSC_XT                          00003FFD
_HS_OSC                           00003FFE
_IDLOC0                           00002000
_IDLOC1                           00002001
_IDLOC2                           00002002
_IDLOC3                           00002003
_LP_OSC                           00003FFC
_LVP_OFF                          00003F7F
_LVP_ON                           00003FFF
_PWRTE_OFF                        00003FFF
_PWRTE_ON                         00003FF7
_RC_OSC                           00003FFF
_WDTE_OFF                         00003FFB
_WDTE_ON                          00003FFF
_WDT_OFF                          00003FFB
_WDT_ON                           00003FFF
_WRT_ENABLE_OFF                   00003DFF
_WRT_ENABLE_ON                    00003FFF
_WRT_OFF                          00003DFF
_WRT_ON                           00003FFF
_XT_OSC                           00003FFD
__16F877                          00000001
MPASM  5.51                           LED.ASM   5-6-2016  15:55:46         PAGE 15


SYMBOL TABLE
  LABEL                             VALUE 

__DEBUG                           1
__MPLAB_DEBUGGER_ICD2             1

Errors   :     0
Warnings :     3 reported,     0 suppressed
Messages :     3 reported,     0 suppressed

